<?xml version="1.0" encoding="utf-8"?>
<TestRun id="4c6b097c-6ee3-45c5-b404-50f292979cde" name="@DESKTOP-JDL654V 2025-10-23 18:17:28" xmlns="http://microsoft.com/schemas/VisualStudio/TeamTest/2010">
  <Times creation="2025-10-23T18:17:28.7979469-04:00" queuing="2025-10-23T18:17:28.7979470-04:00" start="2025-10-23T18:17:26.5686961-04:00" finish="2025-10-23T18:17:30.3244921-04:00" />
  <TestSettings name="default" id="61c82df9-d3e7-426e-8f93-3ad7684b1271">
    <Deployment runDeploymentRoot="_DESKTOP-JDL654V_2025-10-23_18_17_28" />
  </TestSettings>
  <Results>
    <UnitTestResult executionId="a277aee6-9ba8-4415-8248-28fbf57a98ec" testId="bf4f6866-fae3-4aef-70ea-07f7796e73d6" testName="LessonTree.Tests.Services.TopicServiceTests.GetAllAsync_WithBothFilter_ShouldReturnAllTopics" computerName="DESKTOP-JDL654V" duration="00:00:00.0531319" startTime="2025-10-23T18:17:29.8074634-04:00" endTime="2025-10-23T18:17:29.8074635-04:00" testType="13cdc9d9-ddb5-4fa4-a97d-d965ccfc6d4b" outcome="Passed" testListId="8c84fa94-04c1-424b-9868-57a2d4851a1d" relativeResultsDirectory="a277aee6-9ba8-4415-8248-28fbf57a98ec" />
    <UnitTestResult executionId="dfa65f45-c0e8-4264-ae13-f632fabdd328" testId="eee2895e-7bde-0460-3489-e923fc3620ac" testName="LessonTree.Tests.Services.TopicServiceTests.CopyTopicAsync_WithNonExistentTopic_ShouldThrowArgumentException" computerName="DESKTOP-JDL654V" duration="00:00:00.0391740" startTime="2025-10-23T18:17:29.3710446-04:00" endTime="2025-10-23T18:17:29.3710447-04:00" testType="13cdc9d9-ddb5-4fa4-a97d-d965ccfc6d4b" outcome="Passed" testListId="8c84fa94-04c1-424b-9868-57a2d4851a1d" relativeResultsDirectory="dfa65f45-c0e8-4264-ae13-f632fabdd328" />
    <UnitTestResult executionId="e5b8349a-e255-4581-88f4-a29d8854bae7" testId="6c46260f-46e9-3005-bdcf-c7dc852de492" testName="LessonTree.Tests.Controllers.SubTopicControllerTests.DeleteSubTopic_WithNonExistentId_ShouldReturnNotFound" computerName="DESKTOP-JDL654V" duration="00:00:00.0467182" startTime="2025-10-23T18:17:28.9838158-04:00" endTime="2025-10-23T18:17:28.9838161-04:00" testType="13cdc9d9-ddb5-4fa4-a97d-d965ccfc6d4b" outcome="Passed" testListId="8c84fa94-04c1-424b-9868-57a2d4851a1d" relativeResultsDirectory="e5b8349a-e255-4581-88f4-a29d8854bae7" />
    <UnitTestResult executionId="8f8d15f7-38f6-478c-a45e-740ca410ee9b" testId="65674dba-c0df-3299-d821-0fb07d37f199" testName="LessonTree.Tests.Services.TopicServiceTests.DeleteAsync_WithValidTopic_ShouldDeleteTopic" computerName="DESKTOP-JDL654V" duration="00:00:00.0363560" startTime="2025-10-23T18:17:29.6720936-04:00" endTime="2025-10-23T18:17:29.6720937-04:00" testType="13cdc9d9-ddb5-4fa4-a97d-d965ccfc6d4b" outcome="Passed" testListId="8c84fa94-04c1-424b-9868-57a2d4851a1d" relativeResultsDirectory="8f8d15f7-38f6-478c-a45e-740ca410ee9b" />
    <UnitTestResult executionId="78bcb71d-71c2-4c7a-abf7-12189bf7939b" testId="c100a47a-3b8b-14e4-ba17-e9beb25a9ee7" testName="LessonTree.Tests.Controllers.TopicControllerTests.CopyTopic_WithValidData_ShouldReturnCreatedAtAction" computerName="DESKTOP-JDL654V" duration="00:00:00.0390745" startTime="2025-10-23T18:17:29.3720700-04:00" endTime="2025-10-23T18:17:29.3720700-04:00" testType="13cdc9d9-ddb5-4fa4-a97d-d965ccfc6d4b" outcome="Passed" testListId="8c84fa94-04c1-424b-9868-57a2d4851a1d" relativeResultsDirectory="78bcb71d-71c2-4c7a-abf7-12189bf7939b" />
    <UnitTestResult executionId="69d6fd3a-ddb6-44d5-a972-937a064b8af9" testId="b8f8a01c-e213-b263-6028-0f2ca7c7be8f" testName="LessonTree.Tests.Services.ScheduleServiceSpecialDayOptimizationTests.CreateSpecialDayAsync_WithValidRequest_ShouldCreateSpecialDayAndTriggerRegeneration" computerName="DESKTOP-JDL654V" duration="00:00:00.0384924" startTime="2025-10-23T18:17:29.7816643-04:00" endTime="2025-10-23T18:17:29.7816643-04:00" testType="13cdc9d9-ddb5-4fa4-a97d-d965ccfc6d4b" outcome="Failed" testListId="8c84fa94-04c1-424b-9868-57a2d4851a1d" relativeResultsDirectory="69d6fd3a-ddb6-44d5-a972-937a064b8af9">
      <Output>
        <ErrorInfo>
          <Message>Moq.MockException : 
Expected invocation on the mock once, but was 0 times: s =&gt; s.GenerateScheduleFromConfigurationAsync(50, 1)

Performed invocations:

   Mock&lt;IScheduleGenerationService:45&gt; (s):
   No invocations performed.
</Message>
          <StackTrace>   at Moq.Mock.Verify(Mock mock, LambdaExpression expression, Times times, String failMessage) in /_/src/Moq/Mock.cs:line 331
   at Moq.Mock`1.Verify[TResult](Expression`1 expression, Func`1 times) in /_/src/Moq/Mock`1.cs:line 1033
   at LessonTree.Tests.Services.ScheduleServiceSpecialDayOptimizationTests.CreateSpecialDayAsync_WithValidRequest_ShouldCreateSpecialDayAndTriggerRegeneration() in /mnt/c/Projects/LessonTree/LessonTree_API/LessonTree.Tests/Services/ScheduleServiceSpecialDayOptimizationTests.cs:line 101
--- End of stack trace from previous location ---</StackTrace>
        </ErrorInfo>
      </Output>
    </UnitTestResult>
    <UnitTestResult executionId="3915a718-be2b-411f-afc8-05a50a6c84e0" testId="9ce6ddf1-ce90-45ee-bca4-35504f98a2f6" testName="LessonTree.Tests.Services.ScheduleServiceSpecialDayOptimizationTests.UpdateSpecialDayAsync_WithOnlyColorsChanged_ShouldUpdateScheduleEventsOnly" computerName="DESKTOP-JDL654V" duration="00:00:00.0520530" startTime="2025-10-23T18:17:29.7060286-04:00" endTime="2025-10-23T18:17:29.7060287-04:00" testType="13cdc9d9-ddb5-4fa4-a97d-d965ccfc6d4b" outcome="Passed" testListId="8c84fa94-04c1-424b-9868-57a2d4851a1d" relativeResultsDirectory="3915a718-be2b-411f-afc8-05a50a6c84e0" />
    <UnitTestResult executionId="680fb6ee-fe0f-44a9-be41-d8f1f2665006" testId="8e69089f-4482-8d99-b9ab-5fd4b45a0d29" testName="LessonTree.Tests.Controllers.TopicControllerTests.GetTopic_WithExistingId_ShouldReturnOkWithTopic" computerName="DESKTOP-JDL654V" duration="00:00:00.0497999" startTime="2025-10-23T18:17:28.9435536-04:00" endTime="2025-10-23T18:17:28.9435537-04:00" testType="13cdc9d9-ddb5-4fa4-a97d-d965ccfc6d4b" outcome="Passed" testListId="8c84fa94-04c1-424b-9868-57a2d4851a1d" relativeResultsDirectory="680fb6ee-fe0f-44a9-be41-d8f1f2665006" />
    <UnitTestResult executionId="2dbcf5ab-cd74-4653-ac89-8e27e2cf7a93" testId="9b185777-91b2-ff3a-5040-54e32f50a2fd" testName="LessonTree.Tests.Services.TopicServiceTests.GetAllAsync_WithArchivedFilter_ShouldReturnArchivedTopics" computerName="DESKTOP-JDL654V" duration="00:00:00.0545662" startTime="2025-10-23T18:17:29.9129094-04:00" endTime="2025-10-23T18:17:29.9129097-04:00" testType="13cdc9d9-ddb5-4fa4-a97d-d965ccfc6d4b" outcome="Passed" testListId="8c84fa94-04c1-424b-9868-57a2d4851a1d" relativeResultsDirectory="2dbcf5ab-cd74-4653-ac89-8e27e2cf7a93" />
    <UnitTestResult executionId="328af6c4-7d07-4f60-8af7-61dde42b53b0" testId="45a29122-50ca-bfea-3dcf-93f259f7458d" testName="LessonTree.Tests.Services.SubTopicServiceTests.GetAllAsync_WithArchivedFilter_ShouldReturnArchivedSubTopicsOnly" computerName="DESKTOP-JDL654V" duration="00:00:00.0330442" startTime="2025-10-23T18:17:29.9807287-04:00" endTime="2025-10-23T18:17:29.9807289-04:00" testType="13cdc9d9-ddb5-4fa4-a97d-d965ccfc6d4b" outcome="Passed" testListId="8c84fa94-04c1-424b-9868-57a2d4851a1d" relativeResultsDirectory="328af6c4-7d07-4f60-8af7-61dde42b53b0" />
    <UnitTestResult executionId="8bd2c48b-8c30-4fa4-a706-1dda6401a49f" testId="779e6801-ac2b-6207-8db2-65c98cfa037d" testName="LessonTree.Tests.Controllers.SubTopicControllerTests.DeleteSubTopic_WithUnauthorizedAccess_ShouldReturnForbid" computerName="DESKTOP-JDL654V" duration="00:00:00.0217756" startTime="2025-10-23T18:17:29.5147738-04:00" endTime="2025-10-23T18:17:29.5147739-04:00" testType="13cdc9d9-ddb5-4fa4-a97d-d965ccfc6d4b" outcome="Passed" testListId="8c84fa94-04c1-424b-9868-57a2d4851a1d" relativeResultsDirectory="8bd2c48b-8c30-4fa4-a706-1dda6401a49f" />
    <UnitTestResult executionId="d66d222d-2e7b-4823-9c75-afa0d330b306" testId="0cc883c2-bfb8-0003-a3fd-e3450bd9fde7" testName="LessonTree.Tests.Services.ScheduleServiceSpecialDayOptimizationTests.DeleteSpecialDayAsync_WithNonExistentSpecialDay_ShouldThrowArgumentException" computerName="DESKTOP-JDL654V" duration="00:00:00.0345682" startTime="2025-10-23T18:17:29.7408401-04:00" endTime="2025-10-23T18:17:29.7408402-04:00" testType="13cdc9d9-ddb5-4fa4-a97d-d965ccfc6d4b" outcome="Passed" testListId="8c84fa94-04c1-424b-9868-57a2d4851a1d" relativeResultsDirectory="d66d222d-2e7b-4823-9c75-afa0d330b306" />
    <UnitTestResult executionId="5b7c49c5-d193-45fc-acfd-0d05fc6e0fbe" testId="62695477-b2dc-5c63-b3bd-e8b28bea67a2" testName="LessonTree.Tests.Services.CourseServiceTests.UpdateAsync_WithArchiveChange_ShouldUpdateArchiveStatus" computerName="DESKTOP-JDL654V" duration="00:00:00.0570078" startTime="2025-10-23T18:17:29.1974830-04:00" endTime="2025-10-23T18:17:29.1974832-04:00" testType="13cdc9d9-ddb5-4fa4-a97d-d965ccfc6d4b" outcome="Passed" testListId="8c84fa94-04c1-424b-9868-57a2d4851a1d" relativeResultsDirectory="5b7c49c5-d193-45fc-acfd-0d05fc6e0fbe" />
    <UnitTestResult executionId="bf4783cb-a2f2-43c8-ac91-baa9156b0133" testId="c1a9f657-2dba-82a1-6758-505c10c321d1" testName="LessonTree.Tests.Services.ScheduleServiceSpecialDayOptimizationTests.UpdateSpecialDayAsync_WithNonExistentSpecialDay_ShouldThrowArgumentException" computerName="DESKTOP-JDL654V" duration="00:00:00.0323451" startTime="2025-10-23T18:17:29.8380709-04:00" endTime="2025-10-23T18:17:29.8380710-04:00" testType="13cdc9d9-ddb5-4fa4-a97d-d965ccfc6d4b" outcome="Passed" testListId="8c84fa94-04c1-424b-9868-57a2d4851a1d" relativeResultsDirectory="bf4783cb-a2f2-43c8-ac91-baa9156b0133" />
    <UnitTestResult executionId="8a337a41-3eda-42cc-87c2-b1420114de32" testId="769fea15-159e-6349-d52e-380f40f037fb" testName="LessonTree.Tests.Services.SubTopicServiceTests.DeleteAsync_WithNonExistentSubTopic_ShouldThrowArgumentException" computerName="DESKTOP-JDL654V" duration="00:00:00.0803597" startTime="2025-10-23T18:17:28.9727176-04:00" endTime="2025-10-23T18:17:28.9727179-04:00" testType="13cdc9d9-ddb5-4fa4-a97d-d965ccfc6d4b" outcome="Passed" testListId="8c84fa94-04c1-424b-9868-57a2d4851a1d" relativeResultsDirectory="8a337a41-3eda-42cc-87c2-b1420114de32" />
    <UnitTestResult executionId="68e20584-921d-4e54-9079-9fb15c1c7816" testId="f458f6d2-e552-f40b-fd63-4606899bca64" testName="LessonTree.Tests.Services.SubTopicServiceTests.DeleteAsync_WithValidSubTopic_ShouldDeleteSubTopic" computerName="DESKTOP-JDL654V" duration="00:00:00.0361703" startTime="2025-10-23T18:17:29.4443399-04:00" endTime="2025-10-23T18:17:29.4443401-04:00" testType="13cdc9d9-ddb5-4fa4-a97d-d965ccfc6d4b" outcome="Passed" testListId="8c84fa94-04c1-424b-9868-57a2d4851a1d" relativeResultsDirectory="68e20584-921d-4e54-9079-9fb15c1c7816" />
    <UnitTestResult executionId="3a1bd2f7-e7fb-4c2f-87fe-3ae594c17c33" testId="7e792328-0380-51bb-e7ab-92b0bf22c77c" testName="LessonTree.Tests.Models.CalendarOptimizationDtoTests.DateRange_WithValidData_ShouldCalculateCorrectly" computerName="DESKTOP-JDL654V" duration="00:00:00.0393807" startTime="2025-10-23T18:17:29.0919326-04:00" endTime="2025-10-23T18:17:29.0919327-04:00" testType="13cdc9d9-ddb5-4fa4-a97d-d965ccfc6d4b" outcome="Passed" testListId="8c84fa94-04c1-424b-9868-57a2d4851a1d" relativeResultsDirectory="3a1bd2f7-e7fb-4c2f-87fe-3ae594c17c33" />
    <UnitTestResult executionId="2a00d1ef-b272-43cc-abf4-2e40a34a316d" testId="2e337786-3811-e213-e8b5-14322fdee511" testName="LessonTree.Tests.Services.SubTopicServiceTests.UpdateSortOrderAsync_WithNonExistentSubTopic_ShouldThrowArgumentException" computerName="DESKTOP-JDL654V" duration="00:00:00.0410774" startTime="2025-10-23T18:17:29.3660756-04:00" endTime="2025-10-23T18:17:29.3660757-04:00" testType="13cdc9d9-ddb5-4fa4-a97d-d965ccfc6d4b" outcome="Passed" testListId="8c84fa94-04c1-424b-9868-57a2d4851a1d" relativeResultsDirectory="2a00d1ef-b272-43cc-abf4-2e40a34a316d" />
    <UnitTestResult executionId="dc4dfb06-624a-4acf-98cc-9c5bcd4210ec" testId="d4e65147-dcce-e0be-2d11-dd1cb2cfa462" testName="LessonTree.Tests.Services.CourseServiceTests.GetByIdAsync_WithTeamCourse_SameSchool_ShouldReturnCourseResource" computerName="DESKTOP-JDL654V" duration="00:00:00.0473866" startTime="2025-10-23T18:17:29.7564451-04:00" endTime="2025-10-23T18:17:29.7564452-04:00" testType="13cdc9d9-ddb5-4fa4-a97d-d965ccfc6d4b" outcome="Passed" testListId="8c84fa94-04c1-424b-9868-57a2d4851a1d" relativeResultsDirectory="dc4dfb06-624a-4acf-98cc-9c5bcd4210ec" />
    <UnitTestResult executionId="6f66e07c-0c82-431a-95e6-7ad8e21f725b" testId="9f3c299f-7549-ad75-cad9-bf37f2b8177b" testName="LessonTree.Tests.Models.CalendarOptimizationDtoTests.SequenceAnalysisResult_WithValidData_ShouldInitializeCorrectly" computerName="DESKTOP-JDL654V" duration="00:00:00.0433691" startTime="2025-10-23T18:17:29.1354272-04:00" endTime="2025-10-23T18:17:29.1354273-04:00" testType="13cdc9d9-ddb5-4fa4-a97d-d965ccfc6d4b" outcome="Passed" testListId="8c84fa94-04c1-424b-9868-57a2d4851a1d" relativeResultsDirectory="6f66e07c-0c82-431a-95e6-7ad8e21f725b" />
    <UnitTestResult executionId="b21a4232-f2e3-459a-8868-3b079080488d" testId="9b9f1348-46d5-5e23-875c-1ff358506ba9" testName="LessonTree.Tests.Controllers.SubTopicControllerTests.UpdateSubTopic_WithNonExistentSubTopic_ShouldReturnNotFound" computerName="DESKTOP-JDL654V" duration="00:00:00.0373228" startTime="2025-10-23T18:17:29.5523346-04:00" endTime="2025-10-23T18:17:29.5523347-04:00" testType="13cdc9d9-ddb5-4fa4-a97d-d965ccfc6d4b" outcome="Passed" testListId="8c84fa94-04c1-424b-9868-57a2d4851a1d" relativeResultsDirectory="b21a4232-f2e3-459a-8868-3b079080488d" />
    <UnitTestResult executionId="c0abb986-15f2-4cd4-82df-910c182a9213" testId="460e7e4a-84dc-27a4-a91d-932ba34d2366" testName="LessonTree.Tests.Services.TopicServiceTests.AddAsync_WithValidData_ShouldCreateTopic" computerName="DESKTOP-JDL654V" duration="00:00:00.8453788" startTime="2025-10-23T18:17:28.7628549-04:00" endTime="2025-10-23T18:17:28.7628550-04:00" testType="13cdc9d9-ddb5-4fa4-a97d-d965ccfc6d4b" outcome="Passed" testListId="8c84fa94-04c1-424b-9868-57a2d4851a1d" relativeResultsDirectory="c0abb986-15f2-4cd4-82df-910c182a9213" />
    <UnitTestResult executionId="d31545a2-5a9c-4d5b-8768-7c4a149127e0" testId="51540951-3892-4262-15db-eea191fc5339" testName="LessonTree.Tests.Services.SubTopicServiceTests.GetAllAsync_WithDatabaseException_ShouldThrowInvalidOperationException" computerName="DESKTOP-JDL654V" duration="00:00:00.0201227" startTime="2025-10-23T18:17:30.1168392-04:00" endTime="2025-10-23T18:17:30.1168394-04:00" testType="13cdc9d9-ddb5-4fa4-a97d-d965ccfc6d4b" outcome="Passed" testListId="8c84fa94-04c1-424b-9868-57a2d4851a1d" relativeResultsDirectory="d31545a2-5a9c-4d5b-8768-7c4a149127e0" />
    <UnitTestResult executionId="73abc952-800f-4c91-b6c9-b54f02583223" testId="13afec72-1970-23f6-aa40-dedeb461b172" testName="LessonTree.Tests.Models.CalendarOptimizationDtoTests.ScheduleGenerationPreview_WithValidData_ShouldProvideEstimates" computerName="DESKTOP-JDL654V" duration="00:00:00.0434717" startTime="2025-10-23T18:17:29.3355576-04:00" endTime="2025-10-23T18:17:29.3355577-04:00" testType="13cdc9d9-ddb5-4fa4-a97d-d965ccfc6d4b" outcome="Passed" testListId="8c84fa94-04c1-424b-9868-57a2d4851a1d" relativeResultsDirectory="73abc952-800f-4c91-b6c9-b54f02583223" />
    <UnitTestResult executionId="8548ac96-6553-4835-b1d5-4aa2bb1b3a0d" testId="b8700066-4156-b770-8e9c-5bfaf307e1f9" testName="LessonTree.Tests.Controllers.CourseControllerTests.UpdateCourse_WithValidData_ShouldReturnOkWithUpdatedCourse" computerName="DESKTOP-JDL654V" duration="00:00:00.0428638" startTime="2025-10-23T18:17:29.0957855-04:00" endTime="2025-10-23T18:17:29.0957857-04:00" testType="13cdc9d9-ddb5-4fa4-a97d-d965ccfc6d4b" outcome="Passed" testListId="8c84fa94-04c1-424b-9868-57a2d4851a1d" relativeResultsDirectory="8548ac96-6553-4835-b1d5-4aa2bb1b3a0d" />
    <UnitTestResult executionId="32b404f8-3e27-407b-bf44-76090e4503eb" testId="ec5bc6ef-fe0b-a7b9-585a-78e2d9f536b9" testName="LessonTree.Tests.Controllers.CourseControllerTests.GetCourses_WithVisibilityFilter_ShouldReturnFilteredCourses" computerName="DESKTOP-JDL654V" duration="00:00:00.0538820" startTime="2025-10-23T18:17:28.8788376-04:00" endTime="2025-10-23T18:17:28.8788377-04:00" testType="13cdc9d9-ddb5-4fa4-a97d-d965ccfc6d4b" outcome="Passed" testListId="8c84fa94-04c1-424b-9868-57a2d4851a1d" relativeResultsDirectory="32b404f8-3e27-407b-bf44-76090e4503eb" />
    <UnitTestResult executionId="94144d48-6959-40fe-865c-35b0a4ead86b" testId="34bae771-6a62-75b0-9131-b07f8bc544b6" testName="LessonTree.Tests.Controllers.LessonControllerTestsSimple.GetLessons_WithValidRequest_ShouldReturnOkWithLessons" computerName="DESKTOP-JDL654V" duration="00:00:00.0509710" startTime="2025-10-23T18:17:28.9221878-04:00" endTime="2025-10-23T18:17:28.9221879-04:00" testType="13cdc9d9-ddb5-4fa4-a97d-d965ccfc6d4b" outcome="Passed" testListId="8c84fa94-04c1-424b-9868-57a2d4851a1d" relativeResultsDirectory="94144d48-6959-40fe-865c-35b0a4ead86b" />
    <UnitTestResult executionId="1129b4e3-bbc0-4324-9fc0-76f7516871ed" testId="cf41b4d6-b39f-c559-534f-439670bb3a00" testName="LessonTree.Tests.Controllers.TopicControllerTests.AddTopic_WithValidData_ShouldReturnCreatedAtAction" computerName="DESKTOP-JDL654V" duration="00:00:00.0442606" startTime="2025-10-23T18:17:29.2411886-04:00" endTime="2025-10-23T18:17:29.2411887-04:00" testType="13cdc9d9-ddb5-4fa4-a97d-d965ccfc6d4b" outcome="Passed" testListId="8c84fa94-04c1-424b-9868-57a2d4851a1d" relativeResultsDirectory="1129b4e3-bbc0-4324-9fc0-76f7516871ed" />
    <UnitTestResult executionId="34ad3c79-1adc-426c-8d5f-2adcbfd381a3" testId="876422ec-ce74-9c8f-e323-6d35f53143cc" testName="LessonTree.Tests.Services.LessonServiceTests.UpdateAsync_WithUnauthorizedUser_ShouldThrowUnauthorizedAccessException" computerName="DESKTOP-JDL654V" duration="00:00:00.0421852" startTime="2025-10-23T18:17:29.6708051-04:00" endTime="2025-10-23T18:17:29.6708052-04:00" testType="13cdc9d9-ddb5-4fa4-a97d-d965ccfc6d4b" outcome="Passed" testListId="8c84fa94-04c1-424b-9868-57a2d4851a1d" relativeResultsDirectory="34ad3c79-1adc-426c-8d5f-2adcbfd381a3" />
    <UnitTestResult executionId="760f645c-9bbc-4884-8539-a6130116d772" testId="9a7c7219-cf36-7f43-3723-dcd13c5ee94a" testName="LessonTree.Tests.Models.CalendarOptimizationDtoTests.CalendarOptimizationWorkflow_WithFullSequenceContinuation_ShouldWorkTogether" computerName="DESKTOP-JDL654V" duration="00:00:00.1557806" startTime="2025-10-23T18:17:28.8241043-04:00" endTime="2025-10-23T18:17:28.8241044-04:00" testType="13cdc9d9-ddb5-4fa4-a97d-d965ccfc6d4b" outcome="Passed" testListId="8c84fa94-04c1-424b-9868-57a2d4851a1d" relativeResultsDirectory="760f645c-9bbc-4884-8539-a6130116d772" />
    <UnitTestResult executionId="976e310b-bfbb-4b40-9ac8-d55ec1cf53c5" testId="ae26fb43-900d-e085-c554-3f908b1968e5" testName="LessonTree.Tests.Services.SubTopicServiceTests.MoveSubTopicAsync_WithInvalidRelativeToType_ShouldThrowArgumentException" computerName="DESKTOP-JDL654V" duration="00:00:00.0586716" startTime="2025-10-23T18:17:29.0315819-04:00" endTime="2025-10-23T18:17:29.0315821-04:00" testType="13cdc9d9-ddb5-4fa4-a97d-d965ccfc6d4b" outcome="Passed" testListId="8c84fa94-04c1-424b-9868-57a2d4851a1d" relativeResultsDirectory="976e310b-bfbb-4b40-9ac8-d55ec1cf53c5" />
    <UnitTestResult executionId="3812ef1e-5d0c-465b-b7b4-e5f61b8ed940" testId="a1f88d00-db26-3911-e48b-f5c482cee949" testName="LessonTree.Tests.Services.ScheduleServiceSpecialDayOptimizationTests.GetSpecialDayAsync_WithNonExistentSpecialDay_ShouldReturnNull" computerName="DESKTOP-JDL654V" duration="00:00:00.0393755" startTime="2025-10-23T18:17:29.3651417-04:00" endTime="2025-10-23T18:17:29.3651419-04:00" testType="13cdc9d9-ddb5-4fa4-a97d-d965ccfc6d4b" outcome="Passed" testListId="8c84fa94-04c1-424b-9868-57a2d4851a1d" relativeResultsDirectory="3812ef1e-5d0c-465b-b7b4-e5f61b8ed940" />
    <UnitTestResult executionId="182f52e1-b60c-4e56-8079-116d3366d7d4" testId="046813a9-d93c-10f5-c971-b00148303793" testName="LessonTree.Tests.Services.SubTopicServiceTests.GetByIdAsync_WithNullLessons_ShouldThrowInvalidOperationException" computerName="DESKTOP-JDL654V" duration="00:00:00.0208225" startTime="2025-10-23T18:17:30.0964290-04:00" endTime="2025-10-23T18:17:30.0964292-04:00" testType="13cdc9d9-ddb5-4fa4-a97d-d965ccfc6d4b" outcome="Passed" testListId="8c84fa94-04c1-424b-9868-57a2d4851a1d" relativeResultsDirectory="182f52e1-b60c-4e56-8079-116d3366d7d4" />
    <UnitTestResult executionId="01e35ad0-b38b-4296-8fbd-3e1fb933a286" testId="eca0b067-1fa1-39e8-6488-40e5624158fe" testName="LessonTree.Tests.Services.LessonServiceTests.AddAsync_WithValidSubTopicLesson_ShouldCreateLesson" computerName="DESKTOP-JDL654V" duration="00:00:00.0781334" startTime="2025-10-23T18:17:29.2299165-04:00" endTime="2025-10-23T18:17:29.2299167-04:00" testType="13cdc9d9-ddb5-4fa4-a97d-d965ccfc6d4b" outcome="Passed" testListId="8c84fa94-04c1-424b-9868-57a2d4851a1d" relativeResultsDirectory="01e35ad0-b38b-4296-8fbd-3e1fb933a286" />
    <UnitTestResult executionId="c24b7aea-f310-437c-b1d5-df1a36c27d47" testId="be8ba4f2-b479-607c-cddb-1493fb9c9ea9" testName="LessonTree.Tests.Services.TopicServiceTests.GetAllAsync_WithInvalidFilter_ShouldThrowArgumentOutOfRangeException" computerName="DESKTOP-JDL654V" duration="00:00:00.0353339" startTime="2025-10-23T18:17:29.4525229-04:00" endTime="2025-10-23T18:17:29.4525230-04:00" testType="13cdc9d9-ddb5-4fa4-a97d-d965ccfc6d4b" outcome="Passed" testListId="8c84fa94-04c1-424b-9868-57a2d4851a1d" relativeResultsDirectory="c24b7aea-f310-437c-b1d5-df1a36c27d47" />
    <UnitTestResult executionId="49e7e028-7704-45cc-a65b-195819287e23" testId="bd8d714b-5709-11e7-588e-9ccaaf463f55" testName="LessonTree.Tests.Controllers.CourseControllerTests.DeleteCourse_WithExistingId_ShouldReturnNoContent" computerName="DESKTOP-JDL654V" duration="00:00:00.0524436" startTime="2025-10-23T18:17:28.8237446-04:00" endTime="2025-10-23T18:17:28.8237446-04:00" testType="13cdc9d9-ddb5-4fa4-a97d-d965ccfc6d4b" outcome="Passed" testListId="8c84fa94-04c1-424b-9868-57a2d4851a1d" relativeResultsDirectory="49e7e028-7704-45cc-a65b-195819287e23" />
    <UnitTestResult executionId="fd56840f-3b78-4217-8acd-1efce6f97a56" testId="44a35ed3-4e19-3fd7-814b-b81a94c842f3" testName="LessonTree.Tests.Controllers.TopicControllerTests.GetTopics_WithValidRequest_ShouldReturnOkWithTopics" computerName="DESKTOP-JDL654V" duration="00:00:00.0558577" startTime="2025-10-23T18:17:28.8935793-04:00" endTime="2025-10-23T18:17:28.8935794-04:00" testType="13cdc9d9-ddb5-4fa4-a97d-d965ccfc6d4b" outcome="Passed" testListId="8c84fa94-04c1-424b-9868-57a2d4851a1d" relativeResultsDirectory="fd56840f-3b78-4217-8acd-1efce6f97a56" />
    <UnitTestResult executionId="5330d3ba-e672-4dca-93bb-0db582959aa0" testId="59f9ae83-91e6-a0a7-2bd1-319e4bac77ae" testName="LessonTree.Tests.Controllers.TopicControllerTests.UpdateTopic_WithNonExistentTopic_ShouldReturnNotFound" computerName="DESKTOP-JDL654V" duration="00:00:00.0462387" startTime="2025-10-23T18:17:29.3328239-04:00" endTime="2025-10-23T18:17:29.3328240-04:00" testType="13cdc9d9-ddb5-4fa4-a97d-d965ccfc6d4b" outcome="Passed" testListId="8c84fa94-04c1-424b-9868-57a2d4851a1d" relativeResultsDirectory="5330d3ba-e672-4dca-93bb-0db582959aa0" />
    <UnitTestResult executionId="50855137-2fc6-40bb-82de-e5bb9ab92ab3" testId="4533475d-4deb-7fe3-6e74-aafae15ff47c" testName="LessonTree.Tests.Models.CalendarOptimizationDtoTests.DateRange_WithVariousRanges_ShouldAcceptValidData(startStr: &quot;2024-01-01&quot;, endStr: &quot;2024-01-07&quot;, teachingDays: 5)" computerName="DESKTOP-JDL654V" duration="00:00:00.0348978" startTime="2025-10-23T18:17:29.2336682-04:00" endTime="2025-10-23T18:17:29.2336683-04:00" testType="13cdc9d9-ddb5-4fa4-a97d-d965ccfc6d4b" outcome="Passed" testListId="8c84fa94-04c1-424b-9868-57a2d4851a1d" relativeResultsDirectory="50855137-2fc6-40bb-82de-e5bb9ab92ab3" />
    <UnitTestResult executionId="a3db8589-c46a-4c7c-b569-7f6be79748b8" testId="1f092b1b-8fcd-8618-eac4-99b0efcd5042" testName="LessonTree.Tests.Services.SubTopicServiceTests.UpdateAsync_WithNonExistentSubTopic_ShouldThrowKeyNotFoundException" computerName="DESKTOP-JDL654V" duration="00:00:00.0202105" startTime="2025-10-23T18:17:29.8614265-04:00" endTime="2025-10-23T18:17:29.8614268-04:00" testType="13cdc9d9-ddb5-4fa4-a97d-d965ccfc6d4b" outcome="Passed" testListId="8c84fa94-04c1-424b-9868-57a2d4851a1d" relativeResultsDirectory="a3db8589-c46a-4c7c-b569-7f6be79748b8" />
    <UnitTestResult executionId="6feec39d-71f1-423c-953c-4d89ee126d6b" testId="337b27bd-df90-00db-5678-797dc3cf939f" testName="LessonTree.Tests.Controllers.SubTopicControllerTests.UpdateSubTopicSortOrder_WithNonExistentSubTopic_ShouldReturnNotFound" computerName="DESKTOP-JDL654V" duration="00:00:00.0194550" startTime="2025-10-23T18:17:29.5719194-04:00" endTime="2025-10-23T18:17:29.5719196-04:00" testType="13cdc9d9-ddb5-4fa4-a97d-d965ccfc6d4b" outcome="Passed" testListId="8c84fa94-04c1-424b-9868-57a2d4851a1d" relativeResultsDirectory="6feec39d-71f1-423c-953c-4d89ee126d6b" />
    <UnitTestResult executionId="b63220d1-38e9-4d04-b81b-50da35caeaed" testId="66de659e-7c08-1665-bc43-650d846167a1" testName="LessonTree.Tests.Services.LessonServiceTests.GetByIdAsync_WithDifferentUser_ShouldReturnNull" computerName="DESKTOP-JDL654V" duration="00:00:00.0437966" startTime="2025-10-23T18:17:29.4099739-04:00" endTime="2025-10-23T18:17:29.4099741-04:00" testType="13cdc9d9-ddb5-4fa4-a97d-d965ccfc6d4b" outcome="Passed" testListId="8c84fa94-04c1-424b-9868-57a2d4851a1d" relativeResultsDirectory="b63220d1-38e9-4d04-b81b-50da35caeaed" />
    <UnitTestResult executionId="e6784471-a718-43df-98cd-f98bb8853b3d" testId="9d6fb6da-7f77-99a4-74a6-0f2569fd051f" testName="LessonTree.Tests.Services.TopicServiceTests.CopyTopicAsync_WithValidTopic_ShouldCreateDeepCopy" computerName="DESKTOP-JDL654V" duration="00:00:00.1094395" startTime="2025-10-23T18:17:29.0485088-04:00" endTime="2025-10-23T18:17:29.0485090-04:00" testType="13cdc9d9-ddb5-4fa4-a97d-d965ccfc6d4b" outcome="Passed" testListId="8c84fa94-04c1-424b-9868-57a2d4851a1d" relativeResultsDirectory="e6784471-a718-43df-98cd-f98bb8853b3d" />
    <UnitTestResult executionId="874e1526-0e26-439b-9ddd-105bd1984cbd" testId="53c5e3e0-acba-e59e-50b4-c4c2bc7628c5" testName="LessonTree.Tests.Services.LessonServiceTests.GetAllAsync_WithActiveFilter_ShouldReturnActiveLessons" computerName="DESKTOP-JDL654V" duration="00:00:00.1953058" startTime="2025-10-23T18:17:28.9790727-04:00" endTime="2025-10-23T18:17:28.9790727-04:00" testType="13cdc9d9-ddb5-4fa4-a97d-d965ccfc6d4b" outcome="Passed" testListId="8c84fa94-04c1-424b-9868-57a2d4851a1d" relativeResultsDirectory="874e1526-0e26-439b-9ddd-105bd1984cbd" />
    <UnitTestResult executionId="57b0e62e-72b0-4bb3-a7f1-1d511c29f153" testId="7696ad46-4556-a766-a9b3-8ba39a18e2c7" testName="LessonTree.Tests.Services.ScheduleServiceSpecialDayOptimizationTests.CreateSpecialDayAsync_WithNonExistentSchedule_ShouldThrowArgumentException" computerName="DESKTOP-JDL654V" duration="00:00:00.0461773" startTime="2025-10-23T18:17:29.3256290-04:00" endTime="2025-10-23T18:17:29.3256291-04:00" testType="13cdc9d9-ddb5-4fa4-a97d-d965ccfc6d4b" outcome="Passed" testListId="8c84fa94-04c1-424b-9868-57a2d4851a1d" relativeResultsDirectory="57b0e62e-72b0-4bb3-a7f1-1d511c29f153" />
    <UnitTestResult executionId="20491f33-d07f-490a-8c53-2bd00150d0ce" testId="b491902b-67dd-856a-8498-57928936262b" testName="LessonTree.Tests.Services.SubTopicServiceTests.MoveSubTopicAsync_WithUnauthorizedSubTopic_ShouldThrowUnauthorizedAccessException" computerName="DESKTOP-JDL654V" duration="00:00:00.0208444" startTime="2025-10-23T18:17:29.7094773-04:00" endTime="2025-10-23T18:17:29.7094773-04:00" testType="13cdc9d9-ddb5-4fa4-a97d-d965ccfc6d4b" outcome="Passed" testListId="8c84fa94-04c1-424b-9868-57a2d4851a1d" relativeResultsDirectory="20491f33-d07f-490a-8c53-2bd00150d0ce" />
    <UnitTestResult executionId="053fc207-b01e-454a-a8e5-81b51dde07ba" testId="9f098580-ce42-cea7-f16b-04e40d48da7c" testName="LessonTree.Tests.Services.ScheduleServiceSpecialDayOptimizationTests.CreateSpecialDayAsync_WithUnauthorizedUser_ShouldThrowArgumentException" computerName="DESKTOP-JDL654V" duration="00:00:00.2154296" startTime="2025-10-23T18:17:29.6324009-04:00" endTime="2025-10-23T18:17:29.6324010-04:00" testType="13cdc9d9-ddb5-4fa4-a97d-d965ccfc6d4b" outcome="Failed" testListId="8c84fa94-04c1-424b-9868-57a2d4851a1d" relativeResultsDirectory="053fc207-b01e-454a-a8e5-81b51dde07ba">
      <Output>
        <ErrorInfo>
          <Message>Expected a &lt;System.ArgumentException&gt; to be thrown, but found &lt;System.UnauthorizedAccessException&gt;:
System.UnauthorizedAccessException: Schedule 100 not owned by user 1
   at LessonTree.BLL.Services.ScheduleService.ValidateScheduleOwnershipAsync(Int32 scheduleId, Int32 userId) in /mnt/c/Projects/LessonTree/LessonTree_API/LessonTree.Service/Service/Schedule/ScheduleService.cs:line 941
   at LessonTree.BLL.Services.ScheduleService.CreateSpecialDayAsync(Int32 scheduleId, SpecialDayCreateResource createResource, Int32 userId) in /mnt/c/Projects/LessonTree/LessonTree_API/LessonTree.Service/Service/Schedule/ScheduleService.cs:line 427
   at FluentAssertions.Specialized.AsyncFunctionAssertions`2.InvokeWithInterceptionAsync(Func`1 action).</Message>
          <StackTrace>   at FluentAssertions.Execution.XUnit2TestFramework.Throw(String message)
   at FluentAssertions.Execution.TestFrameworkProvider.Throw(String message)
   at FluentAssertions.Execution.DefaultAssertionStrategy.HandleFailure(String message)
   at FluentAssertions.Execution.AssertionScope.FailWith(Func`1 failReasonFunc)
   at FluentAssertions.Execution.AssertionScope.FailWith(Func`1 failReasonFunc)
   at FluentAssertions.Execution.AssertionScope.FailWith(String message, Object[] args)
   at FluentAssertions.Specialized.DelegateAssertionsBase`2.ThrowInternal[TException](Exception exception, String because, Object[] becauseArgs)
   at FluentAssertions.Specialized.AsyncFunctionAssertions`2.ThrowAsync[TException](String because, Object[] becauseArgs)
   at FluentAssertions.ExceptionAssertionsExtensions.WithMessage[TException](Task`1 task, String expectedWildcardPattern, String because, Object[] becauseArgs)
   at LessonTree.Tests.Services.ScheduleServiceSpecialDayOptimizationTests.CreateSpecialDayAsync_WithUnauthorizedUser_ShouldThrowArgumentException() in /mnt/c/Projects/LessonTree/LessonTree_API/LessonTree.Tests/Services/ScheduleServiceSpecialDayOptimizationTests.cs:line 154
--- End of stack trace from previous location ---</StackTrace>
        </ErrorInfo>
      </Output>
    </UnitTestResult>
    <UnitTestResult executionId="3d3f2696-9229-4bae-8252-ea2df110ffdb" testId="f03b4599-8167-940f-2065-940578f161eb" testName="LessonTree.Tests.Services.TopicServiceTests.MoveTopicAsync_WithPositioning_ShouldDelegateToRepository" computerName="DESKTOP-JDL654V" duration="00:00:00.0504732" startTime="2025-10-23T18:17:29.8581407-04:00" endTime="2025-10-23T18:17:29.8581409-04:00" testType="13cdc9d9-ddb5-4fa4-a97d-d965ccfc6d4b" outcome="Passed" testListId="8c84fa94-04c1-424b-9868-57a2d4851a1d" relativeResultsDirectory="3d3f2696-9229-4bae-8252-ea2df110ffdb" />
    <UnitTestResult executionId="33a0225d-69ac-4794-a99b-1dfef3d4bb41" testId="f14535a7-fe5b-466f-21b9-924b75b69ed4" testName="LessonTree.Tests.Models.CalendarOptimizationDtoTests.CoursePeriodDetail_WithValidData_ShouldIndicateCorrectContinuationStatus" computerName="DESKTOP-JDL654V" duration="00:00:00.0247178" startTime="2025-10-23T18:17:28.6681975-04:00" endTime="2025-10-23T18:17:28.6681976-04:00" testType="13cdc9d9-ddb5-4fa4-a97d-d965ccfc6d4b" outcome="Passed" testListId="8c84fa94-04c1-424b-9868-57a2d4851a1d" relativeResultsDirectory="33a0225d-69ac-4794-a99b-1dfef3d4bb41" />
    <UnitTestResult executionId="08f34a94-21e0-4b1e-81f2-3cfd625d7438" testId="45765317-7691-f8c1-9304-3671c7865cf9" testName="LessonTree.Tests.Services.LessonServiceTests.GetByIdAsync_WithExistingLesson_ShouldReturnLessonDetailResource" computerName="DESKTOP-JDL654V" duration="00:00:00.8771730" startTime="2025-10-23T18:17:28.7835842-04:00" endTime="2025-10-23T18:17:28.7835845-04:00" testType="13cdc9d9-ddb5-4fa4-a97d-d965ccfc6d4b" outcome="Passed" testListId="8c84fa94-04c1-424b-9868-57a2d4851a1d" relativeResultsDirectory="08f34a94-21e0-4b1e-81f2-3cfd625d7438" />
    <UnitTestResult executionId="a9e200c7-b4b6-4251-8922-57f8fa0a2859" testId="1955843d-3fad-2e4a-1b91-2d8d9fb383e4" testName="LessonTree.Tests.Services.TopicServiceTests.UpdateSortOrderAsync_WithNonExistentTopic_ShouldThrowArgumentException" computerName="DESKTOP-JDL654V" duration="00:00:00.0387345" startTime="2025-10-23T18:17:29.5511784-04:00" endTime="2025-10-23T18:17:29.5511785-04:00" testType="13cdc9d9-ddb5-4fa4-a97d-d965ccfc6d4b" outcome="Passed" testListId="8c84fa94-04c1-424b-9868-57a2d4851a1d" relativeResultsDirectory="a9e200c7-b4b6-4251-8922-57f8fa0a2859" />
    <UnitTestResult executionId="31b1cc54-b40b-4a63-892e-46f7235637c6" testId="01dadbfd-9ade-415a-5a42-ebd40d49b1ea" testName="LessonTree.Tests.Services.SubTopicServiceTests.MoveSubTopicAsync_WithNonExistentRelativeLesson_ShouldThrowArgumentException" computerName="DESKTOP-JDL654V" duration="00:00:00.0383981" startTime="2025-10-23T18:17:29.4829667-04:00" endTime="2025-10-23T18:17:29.4829669-04:00" testType="13cdc9d9-ddb5-4fa4-a97d-d965ccfc6d4b" outcome="Passed" testListId="8c84fa94-04c1-424b-9868-57a2d4851a1d" relativeResultsDirectory="31b1cc54-b40b-4a63-892e-46f7235637c6" />
    <UnitTestResult executionId="a08b41d9-345c-40c1-948d-95a3927966b3" testId="21a606e6-f66a-1835-281a-36d3a04999a4" testName="LessonTree.Tests.Models.CalendarOptimizationDtoTests.SequenceContinuationRequest_WithValidData_ShouldInitializeCorrectly" computerName="DESKTOP-JDL654V" duration="00:00:00.0483024" startTime="2025-10-23T18:17:28.9230607-04:00" endTime="2025-10-23T18:17:28.9230608-04:00" testType="13cdc9d9-ddb5-4fa4-a97d-d965ccfc6d4b" outcome="Passed" testListId="8c84fa94-04c1-424b-9868-57a2d4851a1d" relativeResultsDirectory="a08b41d9-345c-40c1-948d-95a3927966b3" />
    <UnitTestResult executionId="494005e0-1e26-4a66-8221-2a493c482053" testId="7c91ca43-c035-50fd-0069-e7a5a1422976" testName="LessonTree.Tests.Services.TopicServiceTests.DeleteAsync_WithNonExistentTopic_ShouldThrowArgumentException" computerName="DESKTOP-JDL654V" duration="00:00:00.0417469" startTime="2025-10-23T18:17:29.0903897-04:00" endTime="2025-10-23T18:17:29.0903898-04:00" testType="13cdc9d9-ddb5-4fa4-a97d-d965ccfc6d4b" outcome="Passed" testListId="8c84fa94-04c1-424b-9868-57a2d4851a1d" relativeResultsDirectory="494005e0-1e26-4a66-8221-2a493c482053" />
    <UnitTestResult executionId="0b91f676-0773-4531-a2f3-fe255d80af10" testId="da17ebd5-ead5-28f3-8831-e5268a877fc6" testName="LessonTree.Tests.Controllers.TopicControllerTests.DeleteTopic_WithNonExistentId_ShouldReturnNotFound" computerName="DESKTOP-JDL654V" duration="00:00:00.0411084" startTime="2025-10-23T18:17:29.0920510-04:00" endTime="2025-10-23T18:17:29.0920511-04:00" testType="13cdc9d9-ddb5-4fa4-a97d-d965ccfc6d4b" outcome="Passed" testListId="8c84fa94-04c1-424b-9868-57a2d4851a1d" relativeResultsDirectory="0b91f676-0773-4531-a2f3-fe255d80af10" />
    <UnitTestResult executionId="55f45e73-0ac7-47bd-9d8a-92a2ffdf297e" testId="b64bdb54-e134-d868-be6a-afd87569af2d" testName="LessonTree.Tests.Services.CourseServiceTests.UpdateAsync_WithValidCourse_ShouldUpdateCourse" computerName="DESKTOP-JDL654V" duration="00:00:00.0453409" startTime="2025-10-23T18:17:29.6884435-04:00" endTime="2025-10-23T18:17:29.6884436-04:00" testType="13cdc9d9-ddb5-4fa4-a97d-d965ccfc6d4b" outcome="Passed" testListId="8c84fa94-04c1-424b-9868-57a2d4851a1d" relativeResultsDirectory="55f45e73-0ac7-47bd-9d8a-92a2ffdf297e" />
    <UnitTestResult executionId="add5f15a-0a72-4d1d-ab07-5613b45aff0d" testId="8ab27ae4-f942-f94a-1a45-7676e73ef1ac" testName="LessonTree.Tests.Services.CourseServiceTests.AddAsync_WithPublicVisibility_ShouldCreatePublicCourse" computerName="DESKTOP-JDL654V" duration="00:00:00.0571401" startTime="2025-10-23T18:17:28.7658175-04:00" endTime="2025-10-23T18:17:28.7658176-04:00" testType="13cdc9d9-ddb5-4fa4-a97d-d965ccfc6d4b" outcome="Passed" testListId="8c84fa94-04c1-424b-9868-57a2d4851a1d" relativeResultsDirectory="add5f15a-0a72-4d1d-ab07-5613b45aff0d" />
    <UnitTestResult executionId="c71f4b27-7b90-4b93-a20c-e2eb8b95e315" testId="ae372b2a-5cc0-7025-99f1-2b1ccfbeb573" testName="LessonTree.Tests.Services.TopicServiceTests.GetAllAsync_WithActiveFilter_ShouldReturnActiveTopics" computerName="DESKTOP-JDL654V" duration="00:00:00.1337915" startTime="2025-10-23T18:17:28.8853707-04:00" endTime="2025-10-23T18:17:28.8853708-04:00" testType="13cdc9d9-ddb5-4fa4-a97d-d965ccfc6d4b" outcome="Passed" testListId="8c84fa94-04c1-424b-9868-57a2d4851a1d" relativeResultsDirectory="c71f4b27-7b90-4b93-a20c-e2eb8b95e315" />
    <UnitTestResult executionId="5c2dc8a1-e186-4595-80ab-17b9e67b2dfa" testId="2c968f73-d63f-55e1-e3f6-344c06882fb0" testName="LessonTree.Tests.Services.TopicServiceTests.GetByIdAsync_WithDifferentUser_ShouldThrowKeyNotFoundException" computerName="DESKTOP-JDL654V" duration="00:00:00.0463449" startTime="2025-10-23T18:17:29.1840257-04:00" endTime="2025-10-23T18:17:29.1840257-04:00" testType="13cdc9d9-ddb5-4fa4-a97d-d965ccfc6d4b" outcome="Passed" testListId="8c84fa94-04c1-424b-9868-57a2d4851a1d" relativeResultsDirectory="5c2dc8a1-e186-4595-80ab-17b9e67b2dfa" />
    <UnitTestResult executionId="bbf7c6d1-907b-4484-96df-cbcf5567ff28" testId="40c14fb7-fb4e-040e-b0db-93820e692071" testName="LessonTree.Tests.Services.CourseServiceTests.GetByIdAsync_WithOwnedCourse_ShouldReturnCourseResource" computerName="DESKTOP-JDL654V" duration="00:00:00.0605186" startTime="2025-10-23T18:17:29.8171038-04:00" endTime="2025-10-23T18:17:29.8171039-04:00" testType="13cdc9d9-ddb5-4fa4-a97d-d965ccfc6d4b" outcome="Passed" testListId="8c84fa94-04c1-424b-9868-57a2d4851a1d" relativeResultsDirectory="bbf7c6d1-907b-4484-96df-cbcf5567ff28" />
    <UnitTestResult executionId="b4cd0924-8baa-4031-84e6-13a5d11595be" testId="7338de2b-609e-723b-6c88-b27751ff285d" testName="LessonTree.Tests.Services.CourseServiceTests.GetAllAsync_WithNoCourses_ShouldReturnEmptyCollection" computerName="DESKTOP-JDL654V" duration="00:00:00.0541834" startTime="2025-10-23T18:17:29.5076089-04:00" endTime="2025-10-23T18:17:29.5076091-04:00" testType="13cdc9d9-ddb5-4fa4-a97d-d965ccfc6d4b" outcome="Passed" testListId="8c84fa94-04c1-424b-9868-57a2d4851a1d" relativeResultsDirectory="b4cd0924-8baa-4031-84e6-13a5d11595be" />
    <UnitTestResult executionId="13415b7a-b466-4dcb-9e8f-bdc451feb52c" testId="f9924674-63aa-8fc4-1897-1a79141aa85c" testName="LessonTree.Tests.Models.CalendarOptimizationDtoTests.ScheduleGenerationPreview_WithValidationErrors_ShouldPreventGeneration" computerName="DESKTOP-JDL654V" duration="00:00:00.0195094" startTime="2025-10-23T18:17:28.6432826-04:00" endTime="2025-10-23T18:17:28.6432827-04:00" testType="13cdc9d9-ddb5-4fa4-a97d-d965ccfc6d4b" outcome="Passed" testListId="8c84fa94-04c1-424b-9868-57a2d4851a1d" relativeResultsDirectory="13415b7a-b466-4dcb-9e8f-bdc451feb52c" />
    <UnitTestResult executionId="3a754c1c-e166-4e7f-97ce-9385f3dfcad7" testId="610970da-5b57-491e-6c5d-deb5d6d4e72e" testName="LessonTree.Tests.Controllers.SubTopicControllerTests.GetSubTopic_WithExistingId_ShouldReturnOkWithSubTopic" computerName="DESKTOP-JDL654V" duration="00:00:00.0383393" startTime="2025-10-23T18:17:29.3706976-04:00" endTime="2025-10-23T18:17:29.3706977-04:00" testType="13cdc9d9-ddb5-4fa4-a97d-d965ccfc6d4b" outcome="Passed" testListId="8c84fa94-04c1-424b-9868-57a2d4851a1d" relativeResultsDirectory="3a754c1c-e166-4e7f-97ce-9385f3dfcad7" />
    <UnitTestResult executionId="27d31de7-019a-4e72-8e5e-c25e03880cd4" testId="d5091395-ddff-1f56-03bc-6dcda40af7f0" testName="LessonTree.Tests.Controllers.SubTopicControllerTests.UpdateSubTopicSortOrder_WithValidData_ShouldReturnNoContent" computerName="DESKTOP-JDL654V" duration="00:00:00.0263396" startTime="2025-10-23T18:17:28.7677401-04:00" endTime="2025-10-23T18:17:28.7677402-04:00" testType="13cdc9d9-ddb5-4fa4-a97d-d965ccfc6d4b" outcome="Passed" testListId="8c84fa94-04c1-424b-9868-57a2d4851a1d" relativeResultsDirectory="27d31de7-019a-4e72-8e5e-c25e03880cd4" />
    <UnitTestResult executionId="1ab9e9af-b9a0-4001-ad54-98d7caf59800" testId="3d1e18f6-dc27-8c6a-d0b6-c122a5d1faa3" testName="LessonTree.Tests.Controllers.SubTopicControllerTests.GetSubTopic_WithNonExistentId_ShouldReturnNotFound" computerName="DESKTOP-JDL654V" duration="00:00:00.0444425" startTime="2025-10-23T18:17:29.3322222-04:00" endTime="2025-10-23T18:17:29.3322223-04:00" testType="13cdc9d9-ddb5-4fa4-a97d-d965ccfc6d4b" outcome="Passed" testListId="8c84fa94-04c1-424b-9868-57a2d4851a1d" relativeResultsDirectory="1ab9e9af-b9a0-4001-ad54-98d7caf59800" />
    <UnitTestResult executionId="d30e1bd9-3202-4f74-a1c0-2989c65bc8e3" testId="d14d2015-9736-b668-8fc7-017880ad095e" testName="LessonTree.Tests.Services.CourseServiceTests.GetAllAsync_WithInvalidFilter_ShouldThrowArgumentOutOfRangeException" computerName="DESKTOP-JDL654V" duration="00:00:00.0328528" startTime="2025-10-23T18:17:29.4537737-04:00" endTime="2025-10-23T18:17:29.4537738-04:00" testType="13cdc9d9-ddb5-4fa4-a97d-d965ccfc6d4b" outcome="Passed" testListId="8c84fa94-04c1-424b-9868-57a2d4851a1d" relativeResultsDirectory="d30e1bd9-3202-4f74-a1c0-2989c65bc8e3" />
    <UnitTestResult executionId="10eac191-c335-4830-bb68-a09fc6bc131f" testId="a527f125-333f-6d1c-6d88-73bf91ae8f3f" testName="LessonTree.Tests.Controllers.LessonControllerTestsSimple.DeleteLesson_WithExistingId_ShouldReturnNoContent" computerName="DESKTOP-JDL654V" duration="00:00:00.0923018" startTime="2025-10-23T18:17:28.8772483-04:00" endTime="2025-10-23T18:17:28.8772484-04:00" testType="13cdc9d9-ddb5-4fa4-a97d-d965ccfc6d4b" outcome="Passed" testListId="8c84fa94-04c1-424b-9868-57a2d4851a1d" relativeResultsDirectory="10eac191-c335-4830-bb68-a09fc6bc131f" />
    <UnitTestResult executionId="b4a1d76b-dc50-4904-9ae6-07d0da013f7a" testId="38d86911-f4be-8912-baae-c737c15bb9a4" testName="LessonTree.Tests.Services.CourseServiceTests.DeleteAsync_WithValidCourse_ShouldDeleteCourse" computerName="DESKTOP-JDL654V" duration="00:00:00.0202356" startTime="2025-10-23T18:17:29.7088451-04:00" endTime="2025-10-23T18:17:29.7088452-04:00" testType="13cdc9d9-ddb5-4fa4-a97d-d965ccfc6d4b" outcome="Passed" testListId="8c84fa94-04c1-424b-9868-57a2d4851a1d" relativeResultsDirectory="b4a1d76b-dc50-4904-9ae6-07d0da013f7a" />
    <UnitTestResult executionId="131d0765-dff1-466e-bf97-caf108014b76" testId="2e251493-5e5a-b2ac-0ab7-f6dca7f23e40" testName="LessonTree.Tests.Models.CalendarOptimizationDtoTests.DateRange_WithVariousRanges_ShouldAcceptValidData(startStr: &quot;2024-01-01&quot;, endStr: &quot;2024-01-01&quot;, teachingDays: 1)" computerName="DESKTOP-JDL654V" duration="00:00:00.0371433" startTime="2025-10-23T18:17:29.2919071-04:00" endTime="2025-10-23T18:17:29.2919072-04:00" testType="13cdc9d9-ddb5-4fa4-a97d-d965ccfc6d4b" outcome="Passed" testListId="8c84fa94-04c1-424b-9868-57a2d4851a1d" relativeResultsDirectory="131d0765-dff1-466e-bf97-caf108014b76" />
    <UnitTestResult executionId="55385347-bea8-4aac-aa27-7d01b284ea2f" testId="bb14cb68-c88f-b0a4-0919-53412aa3e536" testName="LessonTree.Tests.Controllers.SubTopicControllerTests.DeleteSubTopic_WithInvalidOperation_ShouldReturnBadRequest" computerName="DESKTOP-JDL654V" duration="00:00:00.8349569" startTime="2025-10-23T18:17:28.7412914-04:00" endTime="2025-10-23T18:17:28.7412914-04:00" testType="13cdc9d9-ddb5-4fa4-a97d-d965ccfc6d4b" outcome="Passed" testListId="8c84fa94-04c1-424b-9868-57a2d4851a1d" relativeResultsDirectory="55385347-bea8-4aac-aa27-7d01b284ea2f" />
    <UnitTestResult executionId="feab7c03-3b9a-460b-931e-d667c94a9afc" testId="fcfbaced-0c1c-dde9-1980-f387743ef5dd" testName="LessonTree.Tests.Controllers.SubTopicControllerTests.UpdateSubTopic_WithInvalidOperation_ShouldReturnBadRequest" computerName="DESKTOP-JDL654V" duration="00:00:00.0496021" startTime="2025-10-23T18:17:29.0947877-04:00" endTime="2025-10-23T18:17:29.0947879-04:00" testType="13cdc9d9-ddb5-4fa4-a97d-d965ccfc6d4b" outcome="Passed" testListId="8c84fa94-04c1-424b-9868-57a2d4851a1d" relativeResultsDirectory="feab7c03-3b9a-460b-931e-d667c94a9afc" />
    <UnitTestResult executionId="44151cf4-ad83-4bc3-86b7-bfdd75bd648c" testId="b0e205d2-eba6-1f07-6e08-2f8bc14bd02f" testName="LessonTree.Tests.Controllers.SubTopicControllerTests.MoveSubTopic_WithValidMove_ShouldReturnOkWithResult" computerName="DESKTOP-JDL654V" duration="00:00:00.0346242" startTime="2025-10-23T18:17:29.4508683-04:00" endTime="2025-10-23T18:17:29.4508684-04:00" testType="13cdc9d9-ddb5-4fa4-a97d-d965ccfc6d4b" outcome="Passed" testListId="8c84fa94-04c1-424b-9868-57a2d4851a1d" relativeResultsDirectory="44151cf4-ad83-4bc3-86b7-bfdd75bd648c" />
    <UnitTestResult executionId="c2acab6b-e158-47f4-a858-ae0cb1e45b74" testId="237ce0ed-ecf2-afd8-fd0a-47c90f78244f" testName="LessonTree.Tests.Services.CourseServiceTests.GetAllAsync_WithArchivedFilter_ShouldReturnArchivedCourses" computerName="DESKTOP-JDL654V" duration="00:00:00.0814155" startTime="2025-10-23T18:17:29.3341923-04:00" endTime="2025-10-23T18:17:29.3341924-04:00" testType="13cdc9d9-ddb5-4fa4-a97d-d965ccfc6d4b" outcome="Passed" testListId="8c84fa94-04c1-424b-9868-57a2d4851a1d" relativeResultsDirectory="c2acab6b-e158-47f4-a858-ae0cb1e45b74" />
    <UnitTestResult executionId="94d92bed-f6a0-454c-b516-d9e84ec072fd" testId="89a03e84-e2d6-0bc2-8373-5b24686751b0" testName="LessonTree.Tests.Controllers.SubTopicControllerTests.MoveSubTopic_WithUnauthorizedAccess_ShouldReturnForbid" computerName="DESKTOP-JDL654V" duration="00:00:00.0385048" startTime="2025-10-23T18:17:29.6105982-04:00" endTime="2025-10-23T18:17:29.6105984-04:00" testType="13cdc9d9-ddb5-4fa4-a97d-d965ccfc6d4b" outcome="Passed" testListId="8c84fa94-04c1-424b-9868-57a2d4851a1d" relativeResultsDirectory="94d92bed-f6a0-454c-b516-d9e84ec072fd" />
    <UnitTestResult executionId="e28c23b4-18da-4c31-a22a-b85841276e1c" testId="72f61cf8-0689-1eb3-039c-cf619c96f15b" testName="LessonTree.Tests.Controllers.TopicControllerTests.GetTopicsByCourseId_WithValidCourseId_ShouldReturnOkWithTopics" computerName="DESKTOP-JDL654V" duration="00:00:00.0582371" startTime="2025-10-23T18:17:29.1503987-04:00" endTime="2025-10-23T18:17:29.1503989-04:00" testType="13cdc9d9-ddb5-4fa4-a97d-d965ccfc6d4b" outcome="Passed" testListId="8c84fa94-04c1-424b-9868-57a2d4851a1d" relativeResultsDirectory="e28c23b4-18da-4c31-a22a-b85841276e1c" />
    <UnitTestResult executionId="4c084c23-c04a-481a-901c-ecc2f933e02b" testId="1a4b7b06-98e0-5939-b4cb-8a5e0ffc4778" testName="LessonTree.Tests.Services.ScheduleServiceSpecialDayOptimizationTests.DeleteSpecialDayAsync_WithRegenerationFailure_ShouldStillDeleteSpecialDay" computerName="DESKTOP-JDL654V" duration="00:00:00.0513515" startTime="2025-10-23T18:17:28.8871877-04:00" endTime="2025-10-23T18:17:28.8871879-04:00" testType="13cdc9d9-ddb5-4fa4-a97d-d965ccfc6d4b" outcome="Passed" testListId="8c84fa94-04c1-424b-9868-57a2d4851a1d" relativeResultsDirectory="4c084c23-c04a-481a-901c-ecc2f933e02b" />
    <UnitTestResult executionId="c449d6b5-d631-40d1-89b7-2bd66f758253" testId="06ff484e-b77d-362b-66ad-5f4a8fa60a64" testName="LessonTree.Tests.Services.LessonServiceTests.UpdateAsync_WithNonExistentLesson_ShouldThrowArgumentException" computerName="DESKTOP-JDL654V" duration="00:00:00.0354645" startTime="2025-10-23T18:17:29.7900605-04:00" endTime="2025-10-23T18:17:29.7900608-04:00" testType="13cdc9d9-ddb5-4fa4-a97d-d965ccfc6d4b" outcome="Passed" testListId="8c84fa94-04c1-424b-9868-57a2d4851a1d" relativeResultsDirectory="c449d6b5-d631-40d1-89b7-2bd66f758253" />
    <UnitTestResult executionId="12696b3c-5ccd-4b2a-babd-c207f4d894c3" testId="e277a346-96e8-429f-4e54-70fba31bdda7" testName="LessonTree.Tests.Controllers.TopicControllerTests.UpdateTopicSortOrder_WithNonExistentTopic_ShouldReturnNotFound" computerName="DESKTOP-JDL654V" duration="00:00:00.0465046" startTime="2025-10-23T18:17:28.9902854-04:00" endTime="2025-10-23T18:17:28.9902854-04:00" testType="13cdc9d9-ddb5-4fa4-a97d-d965ccfc6d4b" outcome="Passed" testListId="8c84fa94-04c1-424b-9868-57a2d4851a1d" relativeResultsDirectory="12696b3c-5ccd-4b2a-babd-c207f4d894c3" />
    <UnitTestResult executionId="a814bbfb-21b5-4dbb-8f0d-a0bb505504d4" testId="3eafe92b-b636-7d72-6168-1ac142744119" testName="LessonTree.Tests.Services.TopicServiceTests.UpdateAsync_WithUnauthorizedUser_ShouldThrowUnauthorizedAccessException" computerName="DESKTOP-JDL654V" duration="00:00:00.0457447" startTime="2025-10-23T18:17:29.4170096-04:00" endTime="2025-10-23T18:17:29.4170097-04:00" testType="13cdc9d9-ddb5-4fa4-a97d-d965ccfc6d4b" outcome="Passed" testListId="8c84fa94-04c1-424b-9868-57a2d4851a1d" relativeResultsDirectory="a814bbfb-21b5-4dbb-8f0d-a0bb505504d4" />
    <UnitTestResult executionId="90d23341-c7b9-4367-be12-c4c5da6e7959" testId="2b636fa3-9b56-e99b-6c4f-6053c19c6492" testName="LessonTree.Tests.Services.CourseServiceTests.GetByIdAsync_WithPublicCourse_ShouldReturnCourseResource" computerName="DESKTOP-JDL654V" duration="00:00:00.0550067" startTime="2025-10-23T18:17:29.2526119-04:00" endTime="2025-10-23T18:17:29.2526120-04:00" testType="13cdc9d9-ddb5-4fa4-a97d-d965ccfc6d4b" outcome="Passed" testListId="8c84fa94-04c1-424b-9868-57a2d4851a1d" relativeResultsDirectory="90d23341-c7b9-4367-be12-c4c5da6e7959" />
    <UnitTestResult executionId="b11552eb-9384-492b-900f-12aa0dacde15" testId="cc5527cd-d7b2-4e41-bb16-2a8a17768a9e" testName="LessonTree.Tests.Services.SubTopicServiceTests.GetAllAsync_WithBothFilter_ShouldReturnAllSubTopics" computerName="DESKTOP-JDL654V" duration="00:00:00.0390454" startTime="2025-10-23T18:17:30.2115012-04:00" endTime="2025-10-23T18:17:30.2115014-04:00" testType="13cdc9d9-ddb5-4fa4-a97d-d965ccfc6d4b" outcome="Passed" testListId="8c84fa94-04c1-424b-9868-57a2d4851a1d" relativeResultsDirectory="b11552eb-9384-492b-900f-12aa0dacde15" />
    <UnitTestResult executionId="c6d22290-5318-4c4c-99cc-bea0c9c26dc0" testId="f4266e25-18a7-971b-7a12-d05819dfacfd" testName="LessonTree.Tests.Services.SubTopicServiceTests.GetSubtopicsByTopicIdAsync_WithValidTopicId_ShouldReturnSortedSubTopics" computerName="DESKTOP-JDL654V" duration="00:00:00.0795185" startTime="2025-10-23T18:17:29.2781996-04:00" endTime="2025-10-23T18:17:29.2781998-04:00" testType="13cdc9d9-ddb5-4fa4-a97d-d965ccfc6d4b" outcome="Passed" testListId="8c84fa94-04c1-424b-9868-57a2d4851a1d" relativeResultsDirectory="c6d22290-5318-4c4c-99cc-bea0c9c26dc0" />
    <UnitTestResult executionId="824fbbf7-841f-4ed7-b722-0148208e6025" testId="bff9562f-73a8-fb53-3a5f-2a3a10bc3344" testName="LessonTree.Tests.Controllers.TopicControllerTests.UpdateTopic_WithValidData_ShouldReturnOkWithUpdatedTopic" computerName="DESKTOP-JDL654V" duration="00:00:00.8656341" startTime="2025-10-23T18:17:28.7748202-04:00" endTime="2025-10-23T18:17:28.7748203-04:00" testType="13cdc9d9-ddb5-4fa4-a97d-d965ccfc6d4b" outcome="Passed" testListId="8c84fa94-04c1-424b-9868-57a2d4851a1d" relativeResultsDirectory="824fbbf7-841f-4ed7-b722-0148208e6025" />
    <UnitTestResult executionId="a9a4f524-1dc1-43a5-8a5d-9a64b20d08d1" testId="f62dae9e-783f-3b12-f914-055299f713b0" testName="LessonTree.Tests.Controllers.CourseControllerTests.UpdateCourse_WithMismatchedIds_ShouldReturnBadRequest" computerName="DESKTOP-JDL654V" duration="00:00:00.0625991" startTime="2025-10-23T18:17:29.0534910-04:00" endTime="2025-10-23T18:17:29.0534912-04:00" testType="13cdc9d9-ddb5-4fa4-a97d-d965ccfc6d4b" outcome="Passed" testListId="8c84fa94-04c1-424b-9868-57a2d4851a1d" relativeResultsDirectory="a9a4f524-1dc1-43a5-8a5d-9a64b20d08d1" />
    <UnitTestResult executionId="a8da45fc-8dae-4331-959c-b5784a9af4c3" testId="2ff5d99a-db22-31a0-4037-04019a849ccf" testName="LessonTree.Tests.Services.SubTopicServiceTests.UpdateSortOrderAsync_WithValidSubTopic_ShouldUpdateSortOrder" computerName="DESKTOP-JDL654V" duration="00:00:00.0329922" startTime="2025-10-23T18:17:29.7425029-04:00" endTime="2025-10-23T18:17:29.7425030-04:00" testType="13cdc9d9-ddb5-4fa4-a97d-d965ccfc6d4b" outcome="Passed" testListId="8c84fa94-04c1-424b-9868-57a2d4851a1d" relativeResultsDirectory="a8da45fc-8dae-4331-959c-b5784a9af4c3" />
    <UnitTestResult executionId="071b8efa-5103-4a8b-8e04-c7ba54c38a32" testId="90e8e376-1420-a124-4dfe-6f8c1b769cec" testName="LessonTree.Tests.Services.LessonServiceTests.DeleteAsync_WithNonExistentLesson_ShouldThrowArgumentException" computerName="DESKTOP-JDL654V" duration="00:00:00.0468713" startTime="2025-10-23T18:17:29.3255796-04:00" endTime="2025-10-23T18:17:29.3255797-04:00" testType="13cdc9d9-ddb5-4fa4-a97d-d965ccfc6d4b" outcome="Passed" testListId="8c84fa94-04c1-424b-9868-57a2d4851a1d" relativeResultsDirectory="071b8efa-5103-4a8b-8e04-c7ba54c38a32" />
    <UnitTestResult executionId="b1d087ea-2ad2-41fa-9b16-c0fcf4de078e" testId="61373c10-2746-b654-a07e-3a385dca7a8a" testName="LessonTree.Tests.Services.LessonServiceTests.DeleteAsync_WithValidLesson_ShouldDeleteLesson" computerName="DESKTOP-JDL654V" duration="00:00:00.0349609" startTime="2025-10-23T18:17:29.4450735-04:00" endTime="2025-10-23T18:17:29.4450736-04:00" testType="13cdc9d9-ddb5-4fa4-a97d-d965ccfc6d4b" outcome="Passed" testListId="8c84fa94-04c1-424b-9868-57a2d4851a1d" relativeResultsDirectory="b1d087ea-2ad2-41fa-9b16-c0fcf4de078e" />
    <UnitTestResult executionId="08a3c671-7a0d-42d4-8f4d-01de67321d4f" testId="636dcea9-fad6-bb53-c9cd-fcc7fc6cfc06" testName="LessonTree.Tests.Services.SubTopicServiceTests.AddAsync_WithEmptyTitle_ShouldThrowArgumentException" computerName="DESKTOP-JDL654V" duration="00:00:00.0367859" startTime="2025-10-23T18:17:29.6074440-04:00" endTime="2025-10-23T18:17:29.6074443-04:00" testType="13cdc9d9-ddb5-4fa4-a97d-d965ccfc6d4b" outcome="Passed" testListId="8c84fa94-04c1-424b-9868-57a2d4851a1d" relativeResultsDirectory="08a3c671-7a0d-42d4-8f4d-01de67321d4f" />
    <UnitTestResult executionId="b74e20a2-d05d-46f1-b6e8-6c64a5f3d28b" testId="66d744f3-0c4f-fd45-7bfb-e28dad951438" testName="LessonTree.Tests.Services.SubTopicServiceTests.DeleteAsync_WithDifferentUser_ShouldThrowUnauthorizedAccessException" computerName="DESKTOP-JDL654V" duration="00:00:00.0301987" startTime="2025-10-23T18:17:29.8410793-04:00" endTime="2025-10-23T18:17:29.8410795-04:00" testType="13cdc9d9-ddb5-4fa4-a97d-d965ccfc6d4b" outcome="Passed" testListId="8c84fa94-04c1-424b-9868-57a2d4851a1d" relativeResultsDirectory="b74e20a2-d05d-46f1-b6e8-6c64a5f3d28b" />
    <UnitTestResult executionId="afcf5882-223d-43fa-8fc0-03f669eb94b2" testId="292c0137-8e38-1d3c-47e9-640c5bb77e25" testName="LessonTree.Tests.Controllers.SubTopicControllerTests.UpdateSubTopic_WithValidData_ShouldReturnOkWithUpdatedSubTopic" computerName="DESKTOP-JDL654V" duration="00:00:00.0610373" startTime="2025-10-23T18:17:29.0450169-04:00" endTime="2025-10-23T18:17:29.0450171-04:00" testType="13cdc9d9-ddb5-4fa4-a97d-d965ccfc6d4b" outcome="Passed" testListId="8c84fa94-04c1-424b-9868-57a2d4851a1d" relativeResultsDirectory="afcf5882-223d-43fa-8fc0-03f669eb94b2" />
    <UnitTestResult executionId="197a6200-163f-429d-88a6-055956686a16" testId="ea7deb3b-0788-c26e-df12-640bb013e90a" testName="LessonTree.Tests.Controllers.SubTopicControllerTests.AddSubTopic_WithValidData_ShouldReturnCreatedAtAction" computerName="DESKTOP-JDL654V" duration="00:00:00.0417951" startTime="2025-10-23T18:17:29.4928408-04:00" endTime="2025-10-23T18:17:29.4928410-04:00" testType="13cdc9d9-ddb5-4fa4-a97d-d965ccfc6d4b" outcome="Passed" testListId="8c84fa94-04c1-424b-9868-57a2d4851a1d" relativeResultsDirectory="197a6200-163f-429d-88a6-055956686a16" />
    <UnitTestResult executionId="839d781d-483a-4b0c-afd8-a473eb64251e" testId="fd93d016-b072-7a07-9682-c0d6aa55451e" testName="LessonTree.Tests.Services.ScheduleServiceSpecialDayOptimizationTests.UpdateSpecialDayAsync_WithOnlyTitleChanged_ShouldNotTriggerAnyRegeneration" computerName="DESKTOP-JDL654V" duration="00:00:00.0496867" startTime="2025-10-23T18:17:29.4150009-04:00" endTime="2025-10-23T18:17:29.4150011-04:00" testType="13cdc9d9-ddb5-4fa4-a97d-d965ccfc6d4b" outcome="Passed" testListId="8c84fa94-04c1-424b-9868-57a2d4851a1d" relativeResultsDirectory="839d781d-483a-4b0c-afd8-a473eb64251e" />
    <UnitTestResult executionId="1a7afdc7-d9e5-4218-a54c-c6956823d1da" testId="43b643d2-01c4-4ff4-84b2-d90377ecaeef" testName="LessonTree.Tests.Controllers.SubTopicControllerTests.MoveSubTopic_WithNonExistentSubTopic_ShouldReturnNotFound" computerName="DESKTOP-JDL654V" duration="00:00:00.0538193" startTime="2025-10-23T18:17:28.9368838-04:00" endTime="2025-10-23T18:17:28.9368840-04:00" testType="13cdc9d9-ddb5-4fa4-a97d-d965ccfc6d4b" outcome="Passed" testListId="8c84fa94-04c1-424b-9868-57a2d4851a1d" relativeResultsDirectory="1a7afdc7-d9e5-4218-a54c-c6956823d1da" />
    <UnitTestResult executionId="e065498b-37bc-44ca-ae8c-bd3a22801bfb" testId="af9a7112-ddec-5827-4a09-1aaa726710e5" testName="LessonTree.Tests.Controllers.LessonControllerTestsSimple.MoveLesson_WithValidMove_ShouldReturnOkWithResult" computerName="DESKTOP-JDL654V" duration="00:00:00.0543696" startTime="2025-10-23T18:17:28.9987211-04:00" endTime="2025-10-23T18:17:28.9987213-04:00" testType="13cdc9d9-ddb5-4fa4-a97d-d965ccfc6d4b" outcome="Passed" testListId="8c84fa94-04c1-424b-9868-57a2d4851a1d" relativeResultsDirectory="e065498b-37bc-44ca-ae8c-bd3a22801bfb" />
    <UnitTestResult executionId="4f230c0f-f91f-4426-9d6b-dd519ae25f8d" testId="2a365584-2f41-82f9-816f-ad34fcb92a63" testName="LessonTree.Tests.Controllers.CourseControllerTests.GetCourse_WithExistingId_ShouldReturnOkWithCourse" computerName="DESKTOP-JDL654V" duration="00:00:00.0479345" startTime="2025-10-23T18:17:28.9900328-04:00" endTime="2025-10-23T18:17:28.9900331-04:00" testType="13cdc9d9-ddb5-4fa4-a97d-d965ccfc6d4b" outcome="Passed" testListId="8c84fa94-04c1-424b-9868-57a2d4851a1d" relativeResultsDirectory="4f230c0f-f91f-4426-9d6b-dd519ae25f8d" />
    <UnitTestResult executionId="1a07853c-3ee8-4ecd-8719-f56ee062392e" testId="b771432f-c847-26ac-0c24-17e50b1b2fe3" testName="LessonTree.Tests.Controllers.TopicControllerTests.UpdateTopic_WithMismatchedIds_ShouldReturnBadRequest" computerName="DESKTOP-JDL654V" duration="00:00:00.0656504" startTime="2025-10-23T18:17:28.8770574-04:00" endTime="2025-10-23T18:17:28.8770575-04:00" testType="13cdc9d9-ddb5-4fa4-a97d-d965ccfc6d4b" outcome="Passed" testListId="8c84fa94-04c1-424b-9868-57a2d4851a1d" relativeResultsDirectory="1a07853c-3ee8-4ecd-8719-f56ee062392e" />
    <UnitTestResult executionId="5a0ce56a-75d5-4bd7-80f3-22388854a6ba" testId="7f66b49e-61af-1aa0-366b-ad8ce1c7db86" testName="LessonTree.Tests.Models.CalendarOptimizationDtoTests.ScheduleValidationResult_WithInheritedProperties_ShouldExtendBaseValidation" computerName="DESKTOP-JDL654V" duration="00:00:00.0342811" startTime="2025-10-23T18:17:29.4875775-04:00" endTime="2025-10-23T18:17:29.4875776-04:00" testType="13cdc9d9-ddb5-4fa4-a97d-d965ccfc6d4b" outcome="Passed" testListId="8c84fa94-04c1-424b-9868-57a2d4851a1d" relativeResultsDirectory="5a0ce56a-75d5-4bd7-80f3-22388854a6ba" />
    <UnitTestResult executionId="0b2c41f0-fb48-4e6f-b878-bcd41b203a82" testId="4751bb66-5664-3b6b-fc55-e2c8f9d28b57" testName="LessonTree.Tests.Services.LessonServiceTests.AddAsync_WithInvalidTopic_ShouldThrowArgumentException" computerName="DESKTOP-JDL654V" duration="00:00:00.1821451" startTime="2025-10-23T18:17:29.6301884-04:00" endTime="2025-10-23T18:17:29.6301885-04:00" testType="13cdc9d9-ddb5-4fa4-a97d-d965ccfc6d4b" outcome="Failed" testListId="8c84fa94-04c1-424b-9868-57a2d4851a1d" relativeResultsDirectory="0b2c41f0-fb48-4e6f-b878-bcd41b203a82">
      <Output>
        <ErrorInfo>
          <Message>Expected a &lt;System.ArgumentException&gt; to be thrown, but no exception was thrown.</Message>
          <StackTrace>   at FluentAssertions.Execution.XUnit2TestFramework.Throw(String message)
   at FluentAssertions.Execution.TestFrameworkProvider.Throw(String message)
   at FluentAssertions.Execution.DefaultAssertionStrategy.HandleFailure(String message)
   at FluentAssertions.Execution.AssertionScope.FailWith(Func`1 failReasonFunc)
   at FluentAssertions.Execution.AssertionScope.FailWith(Func`1 failReasonFunc)
   at FluentAssertions.Execution.AssertionScope.FailWith(String message)
   at FluentAssertions.Specialized.DelegateAssertionsBase`2.ThrowInternal[TException](Exception exception, String because, Object[] becauseArgs)
   at FluentAssertions.Specialized.AsyncFunctionAssertions`2.ThrowAsync[TException](String because, Object[] becauseArgs)
   at FluentAssertions.ExceptionAssertionsExtensions.WithMessage[TException](Task`1 task, String expectedWildcardPattern, String because, Object[] becauseArgs)
   at LessonTree.Tests.Services.LessonServiceTests.AddAsync_WithInvalidTopic_ShouldThrowArgumentException() in /mnt/c/Projects/LessonTree/LessonTree_API/LessonTree.Tests/Services/LessonServiceTests.cs:line 286
--- End of stack trace from previous location ---</StackTrace>
        </ErrorInfo>
      </Output>
    </UnitTestResult>
    <UnitTestResult executionId="b788c784-7b45-4c80-a422-0d68f7acfa84" testId="a7e8dac9-d8f1-5900-3e14-eae21431ceea" testName="LessonTree.Tests.Services.CourseServiceTests.DeleteAsync_WithNonExistentCourse_ShouldThrowArgumentException" computerName="DESKTOP-JDL654V" duration="00:00:00.0632355" startTime="2025-10-23T18:17:29.0424600-04:00" endTime="2025-10-23T18:17:29.0424601-04:00" testType="13cdc9d9-ddb5-4fa4-a97d-d965ccfc6d4b" outcome="Passed" testListId="8c84fa94-04c1-424b-9868-57a2d4851a1d" relativeResultsDirectory="b788c784-7b45-4c80-a422-0d68f7acfa84" />
    <UnitTestResult executionId="11f08c7a-dde1-4b4f-9a46-61581146cc91" testId="ba88ee24-9e27-b9e6-f5f3-6424bc274e23" testName="LessonTree.Tests.Models.CalendarOptimizationDtoTests.SequenceContinuationRequest_WithDefaultValues_ShouldHaveCorrectDefaults" computerName="DESKTOP-JDL654V" duration="00:00:00.0432673" startTime="2025-10-23T18:17:29.1789763-04:00" endTime="2025-10-23T18:17:29.1789764-04:00" testType="13cdc9d9-ddb5-4fa4-a97d-d965ccfc6d4b" outcome="Passed" testListId="8c84fa94-04c1-424b-9868-57a2d4851a1d" relativeResultsDirectory="11f08c7a-dde1-4b4f-9a46-61581146cc91" />
    <UnitTestResult executionId="7f68d3fb-8596-4fc5-8c3b-339259375ca4" testId="9b36c4a6-f294-8397-18e3-8bc4d0f295b2" testName="LessonTree.Tests.Services.SubTopicServiceTests.MoveSubTopicAsync_WithNonExistentTargetTopic_ShouldThrowArgumentException" computerName="DESKTOP-JDL654V" duration="00:00:00.0210880" startTime="2025-10-23T18:17:29.8107212-04:00" endTime="2025-10-23T18:17:29.8107213-04:00" testType="13cdc9d9-ddb5-4fa4-a97d-d965ccfc6d4b" outcome="Passed" testListId="8c84fa94-04c1-424b-9868-57a2d4851a1d" relativeResultsDirectory="7f68d3fb-8596-4fc5-8c3b-339259375ca4" />
    <UnitTestResult executionId="884973f4-89c4-4293-8460-5ff140281543" testId="debcd460-82a9-b1fa-1e9f-c1df2c6aca1c" testName="LessonTree.Tests.Services.SubTopicServiceTests.GetSubtopicsByTopicIdAsync_WithDatabaseException_ShouldThrowInvalidOperationException" computerName="DESKTOP-JDL654V" duration="00:00:00.8644035" startTime="2025-10-23T18:17:28.7708472-04:00" endTime="2025-10-23T18:17:28.7708473-04:00" testType="13cdc9d9-ddb5-4fa4-a97d-d965ccfc6d4b" outcome="Passed" testListId="8c84fa94-04c1-424b-9868-57a2d4851a1d" relativeResultsDirectory="884973f4-89c4-4293-8460-5ff140281543" />
    <UnitTestResult executionId="40e1ad2b-cd5b-48d3-91e6-0d7ba019b83f" testId="9862dee0-e4fc-fc98-72c4-4522d7e20c26" testName="LessonTree.Tests.Controllers.LessonControllerTestsSimple.GetLesson_WithExistingId_ShouldReturnOkWithLesson" computerName="DESKTOP-JDL654V" duration="00:00:00.0219081" startTime="2025-10-23T18:17:28.9448044-04:00" endTime="2025-10-23T18:17:28.9448044-04:00" testType="13cdc9d9-ddb5-4fa4-a97d-d965ccfc6d4b" outcome="Passed" testListId="8c84fa94-04c1-424b-9868-57a2d4851a1d" relativeResultsDirectory="40e1ad2b-cd5b-48d3-91e6-0d7ba019b83f" />
    <UnitTestResult executionId="80a8f17a-6c52-4c87-b3e7-f3227d278e64" testId="2e7cc6bb-463a-a207-8484-415c4bab07a2" testName="LessonTree.Tests.Controllers.SubTopicControllerTests.UpdateSubTopic_WithUnauthorizedAccess_ShouldReturnForbid" computerName="DESKTOP-JDL654V" duration="00:00:00.0436621" startTime="2025-10-23T18:17:29.1385752-04:00" endTime="2025-10-23T18:17:29.1385754-04:00" testType="13cdc9d9-ddb5-4fa4-a97d-d965ccfc6d4b" outcome="Passed" testListId="8c84fa94-04c1-424b-9868-57a2d4851a1d" relativeResultsDirectory="80a8f17a-6c52-4c87-b3e7-f3227d278e64" />
    <UnitTestResult executionId="42967b5e-dfca-49a0-835e-8c0fe89c148b" testId="c18032cc-b8e9-5dae-a006-53244cbf23e0" testName="LessonTree.Tests.Services.CourseServiceTests.GetAllAsync_WithActiveFilter_ShouldReturnActiveCourses" computerName="DESKTOP-JDL654V" duration="00:00:00.0546632" startTime="2025-10-23T18:17:29.5625086-04:00" endTime="2025-10-23T18:17:29.5625087-04:00" testType="13cdc9d9-ddb5-4fa4-a97d-d965ccfc6d4b" outcome="Passed" testListId="8c84fa94-04c1-424b-9868-57a2d4851a1d" relativeResultsDirectory="42967b5e-dfca-49a0-835e-8c0fe89c148b" />
    <UnitTestResult executionId="2423565e-0a0a-4679-92eb-5f20ef6ab823" testId="9743db3d-586f-3f28-a63d-a157654d84fa" testName="LessonTree.Tests.Services.CourseServiceTests.GetByIdAsync_WithNonExistentCourse_ShouldReturnNull" computerName="DESKTOP-JDL654V" duration="00:00:00.8023864" startTime="2025-10-23T18:17:28.7084706-04:00" endTime="2025-10-23T18:17:28.7084707-04:00" testType="13cdc9d9-ddb5-4fa4-a97d-d965ccfc6d4b" outcome="Passed" testListId="8c84fa94-04c1-424b-9868-57a2d4851a1d" relativeResultsDirectory="2423565e-0a0a-4679-92eb-5f20ef6ab823" />
    <UnitTestResult executionId="642cc919-0d6c-4c48-97fc-bd110c458dcd" testId="2f951985-1e11-9694-6f55-9fd6a39d3f40" testName="LessonTree.Tests.Controllers.SubTopicControllerTests.DeleteSubTopic_WithExistingId_ShouldReturnNoContent" computerName="DESKTOP-JDL654V" duration="00:00:00.0540513" startTime="2025-10-23T18:17:28.8219242-04:00" endTime="2025-10-23T18:17:28.8219243-04:00" testType="13cdc9d9-ddb5-4fa4-a97d-d965ccfc6d4b" outcome="Passed" testListId="8c84fa94-04c1-424b-9868-57a2d4851a1d" relativeResultsDirectory="642cc919-0d6c-4c48-97fc-bd110c458dcd" />
    <UnitTestResult executionId="f09a0972-5ade-457a-b78a-779ad4bfa655" testId="77cab786-dd38-dca4-c8a7-6ba09a28e47b" testName="LessonTree.Tests.Services.SubTopicServiceTests.AddAsync_WithNonExistentTopic_ShouldThrowArgumentException" computerName="DESKTOP-JDL654V" duration="00:00:00.0515437" startTime="2025-10-23T18:17:29.1987525-04:00" endTime="2025-10-23T18:17:29.1987526-04:00" testType="13cdc9d9-ddb5-4fa4-a97d-d965ccfc6d4b" outcome="Passed" testListId="8c84fa94-04c1-424b-9868-57a2d4851a1d" relativeResultsDirectory="f09a0972-5ade-457a-b78a-779ad4bfa655" />
    <UnitTestResult executionId="a47bf537-0420-4151-b5fe-2ab2b145a947" testId="ff408a6b-a719-c1bb-9f99-4069abed5af9" testName="LessonTree.Tests.Services.SubTopicServiceTests.AddAsync_WithValidData_ShouldCreateSubTopic" computerName="DESKTOP-JDL654V" duration="00:00:00.0495438" startTime="2025-10-23T18:17:29.0812353-04:00" endTime="2025-10-23T18:17:29.0812355-04:00" testType="13cdc9d9-ddb5-4fa4-a97d-d965ccfc6d4b" outcome="Passed" testListId="8c84fa94-04c1-424b-9868-57a2d4851a1d" relativeResultsDirectory="a47bf537-0420-4151-b5fe-2ab2b145a947" />
    <UnitTestResult executionId="3e3c6592-a4d2-46ef-a5d6-bc99d387029e" testId="20548228-bc66-f628-98a0-014622b45d95" testName="LessonTree.Tests.Services.LessonServiceTests.GetAllAsync_WithBothFilter_ShouldReturnAllLessons" computerName="DESKTOP-JDL654V" duration="00:00:00.0485368" startTime="2025-10-23T18:17:29.2785096-04:00" endTime="2025-10-23T18:17:29.2785097-04:00" testType="13cdc9d9-ddb5-4fa4-a97d-d965ccfc6d4b" outcome="Passed" testListId="8c84fa94-04c1-424b-9868-57a2d4851a1d" relativeResultsDirectory="3e3c6592-a4d2-46ef-a5d6-bc99d387029e" />
    <UnitTestResult executionId="42f2dfc4-23e2-437b-b974-5d8c1783d7bc" testId="817d81f4-f25d-b325-a741-63897634a9f7" testName="LessonTree.Tests.Services.SubTopicServiceTests.GetAllAsync_WithActiveFilter_ShouldReturnActiveSubTopicsOnly" computerName="DESKTOP-JDL654V" duration="00:00:00.0346549" startTime="2025-10-23T18:17:30.0495004-04:00" endTime="2025-10-23T18:17:30.0495005-04:00" testType="13cdc9d9-ddb5-4fa4-a97d-d965ccfc6d4b" outcome="Passed" testListId="8c84fa94-04c1-424b-9868-57a2d4851a1d" relativeResultsDirectory="42f2dfc4-23e2-437b-b974-5d8c1783d7bc" />
    <UnitTestResult executionId="ebdf1f5e-cc4e-4beb-8c0a-e63884c3d120" testId="a5833068-4b02-b7b4-fcce-6c29fbc5a3f0" testName="LessonTree.Tests.Controllers.CourseControllerTests.AddCourse_WithValidData_ShouldReturnCreatedAtAction" computerName="DESKTOP-JDL654V" duration="00:00:00.0644388" startTime="2025-10-23T18:17:28.9419101-04:00" endTime="2025-10-23T18:17:28.9419102-04:00" testType="13cdc9d9-ddb5-4fa4-a97d-d965ccfc6d4b" outcome="Passed" testListId="8c84fa94-04c1-424b-9868-57a2d4851a1d" relativeResultsDirectory="ebdf1f5e-cc4e-4beb-8c0a-e63884c3d120" />
    <UnitTestResult executionId="c05f34d4-fa6c-410c-ad23-761ec07be46c" testId="e10a970a-158c-c1ae-0e31-345d8b3daff3" testName="LessonTree.Tests.Services.LessonServiceTests.AddAsync_WithValidTopicLesson_ShouldCreateLesson" computerName="DESKTOP-JDL654V" duration="00:00:00.1722248" startTime="2025-10-23T18:17:29.1514813-04:00" endTime="2025-10-23T18:17:29.1514816-04:00" testType="13cdc9d9-ddb5-4fa4-a97d-d965ccfc6d4b" outcome="Passed" testListId="8c84fa94-04c1-424b-9868-57a2d4851a1d" relativeResultsDirectory="c05f34d4-fa6c-410c-ad23-761ec07be46c" />
    <UnitTestResult executionId="9ea6fd2a-47f8-4bab-94a4-4763ba5dde01" testId="71a4508b-a510-0636-072c-543083d97a98" testName="LessonTree.Tests.Services.SubTopicServiceTests.UpdateAsync_WithDifferentUser_ShouldThrowUnauthorizedAccessException" computerName="DESKTOP-JDL654V" duration="00:00:00.0199970" startTime="2025-10-23T18:17:29.9275573-04:00" endTime="2025-10-23T18:17:29.9275574-04:00" testType="13cdc9d9-ddb5-4fa4-a97d-d965ccfc6d4b" outcome="Passed" testListId="8c84fa94-04c1-424b-9868-57a2d4851a1d" relativeResultsDirectory="9ea6fd2a-47f8-4bab-94a4-4763ba5dde01" />
    <UnitTestResult executionId="83864a62-3a67-4bcb-903b-7978f010a69f" testId="19dd60a7-6bad-9063-0185-e551cf1c7a9f" testName="LessonTree.Tests.Controllers.SubTopicControllerTests.UpdateSubTopic_WithMismatchedIds_ShouldReturnBadRequest" computerName="DESKTOP-JDL654V" duration="00:00:00.0439702" startTime="2025-10-23T18:17:29.2881746-04:00" endTime="2025-10-23T18:17:29.2881747-04:00" testType="13cdc9d9-ddb5-4fa4-a97d-d965ccfc6d4b" outcome="Passed" testListId="8c84fa94-04c1-424b-9868-57a2d4851a1d" relativeResultsDirectory="83864a62-3a67-4bcb-903b-7978f010a69f" />
    <UnitTestResult executionId="120e1f30-f18b-4dd4-8f43-7c2760f9ce7f" testId="53aab187-f059-877d-8045-33f60c1a7926" testName="LessonTree.Tests.Services.CourseServiceTests.UpdateAsync_WithNonExistentCourse_ShouldThrowArgumentException" computerName="DESKTOP-JDL654V" duration="00:00:00.0519526" startTime="2025-10-23T18:17:29.0946276-04:00" endTime="2025-10-23T18:17:29.0946278-04:00" testType="13cdc9d9-ddb5-4fa4-a97d-d965ccfc6d4b" outcome="Passed" testListId="8c84fa94-04c1-424b-9868-57a2d4851a1d" relativeResultsDirectory="120e1f30-f18b-4dd4-8f43-7c2760f9ce7f" />
    <UnitTestResult executionId="8cd035b9-d0d1-4174-b31c-40a991825375" testId="69fcf425-383d-c79f-1c01-0acfa91db11e" testName="LessonTree.Tests.Services.ScheduleServiceSpecialDayOptimizationTests.GetSpecialDaysAsync_WithNonExistentSchedule_ShouldThrowArgumentException" computerName="DESKTOP-JDL654V" duration="00:00:00.0224907" startTime="2025-10-23T18:17:29.6537898-04:00" endTime="2025-10-23T18:17:29.6537899-04:00" testType="13cdc9d9-ddb5-4fa4-a97d-d965ccfc6d4b" outcome="Passed" testListId="8c84fa94-04c1-424b-9868-57a2d4851a1d" relativeResultsDirectory="8cd035b9-d0d1-4174-b31c-40a991825375" />
    <UnitTestResult executionId="ad11de9c-533f-4a93-959c-53bc1eb6e699" testId="b5f7a492-181d-8fef-c0a9-965144ad0577" testName="LessonTree.Tests.Services.SubTopicServiceTests.MoveSubTopicAsync_WithSimpleMove_ShouldUseSimpleLogic" computerName="DESKTOP-JDL654V" duration="00:00:00.0336810" startTime="2025-10-23T18:17:30.0146146-04:00" endTime="2025-10-23T18:17:30.0146148-04:00" testType="13cdc9d9-ddb5-4fa4-a97d-d965ccfc6d4b" outcome="Passed" testListId="8c84fa94-04c1-424b-9868-57a2d4851a1d" relativeResultsDirectory="ad11de9c-533f-4a93-959c-53bc1eb6e699" />
    <UnitTestResult executionId="a7c6acf9-23f7-4c84-826f-e3b90cff4eb0" testId="ad2c688c-cdcb-02c2-5adb-3434baff05bf" testName="LessonTree.Tests.Models.CalendarOptimizationDtoTests.DateRange_WithVariousRanges_ShouldAcceptValidData(startStr: &quot;2024-09-01&quot;, endStr: &quot;2024-12-31&quot;, teachingDays: 85)" computerName="DESKTOP-JDL654V" duration="00:00:00.0208573" startTime="2025-10-23T18:17:29.2546287-04:00" endTime="2025-10-23T18:17:29.2546288-04:00" testType="13cdc9d9-ddb5-4fa4-a97d-d965ccfc6d4b" outcome="Passed" testListId="8c84fa94-04c1-424b-9868-57a2d4851a1d" relativeResultsDirectory="a7c6acf9-23f7-4c84-826f-e3b90cff4eb0" />
    <UnitTestResult executionId="380004f9-6885-485c-949c-7e098a6014f6" testId="427cbb9b-fd3d-389c-3110-37ccad647fac" testName="LessonTree.Tests.Services.TopicServiceTests.MoveTopicAsync_WithNonExistentTopic_ShouldThrowArgumentException" computerName="DESKTOP-JDL654V" duration="00:00:00.0440127" startTime="2025-10-23T18:17:29.3317334-04:00" endTime="2025-10-23T18:17:29.3317336-04:00" testType="13cdc9d9-ddb5-4fa4-a97d-d965ccfc6d4b" outcome="Passed" testListId="8c84fa94-04c1-424b-9868-57a2d4851a1d" relativeResultsDirectory="380004f9-6885-485c-949c-7e098a6014f6" />
    <UnitTestResult executionId="cc7b205a-15fc-4a41-8a41-127823760af5" testId="05e7f50c-0872-2faa-1287-2e37a35cc1f5" testName="LessonTree.Tests.Controllers.SubTopicControllerTests.UpdateSubTopicSortOrder_WithUnauthorizedAccess_ShouldReturnForbid" computerName="DESKTOP-JDL654V" duration="00:00:00.0382209" startTime="2025-10-23T18:17:29.2435843-04:00" endTime="2025-10-23T18:17:29.2435844-04:00" testType="13cdc9d9-ddb5-4fa4-a97d-d965ccfc6d4b" outcome="Passed" testListId="8c84fa94-04c1-424b-9868-57a2d4851a1d" relativeResultsDirectory="cc7b205a-15fc-4a41-8a41-127823760af5" />
    <UnitTestResult executionId="e5e64703-e966-4605-8894-9bf85589d13f" testId="e9a2810b-b351-ecf8-ae9d-f1713290c81b" testName="LessonTree.Tests.Models.CalendarOptimizationDtoTests.SequenceContinuationRequest_WithEmptyCollections_ShouldAllowEmptyLists" computerName="DESKTOP-JDL654V" duration="00:00:00.0293047" startTime="2025-10-23T18:17:28.6236719-04:00" endTime="2025-10-23T18:17:28.6236722-04:00" testType="13cdc9d9-ddb5-4fa4-a97d-d965ccfc6d4b" outcome="Passed" testListId="8c84fa94-04c1-424b-9868-57a2d4851a1d" relativeResultsDirectory="e5e64703-e966-4605-8894-9bf85589d13f" />
    <UnitTestResult executionId="41c82472-5e12-41ad-b282-7a34384c2108" testId="3e22e64d-6dc3-fec6-665d-4985cfb7570b" testName="LessonTree.Tests.Controllers.SubTopicControllerTests.CopySubTopic_WithNonExistentSubTopic_ShouldReturnNotFound" computerName="DESKTOP-JDL654V" duration="00:00:00.0606809" startTime="2025-10-23T18:17:28.8828130-04:00" endTime="2025-10-23T18:17:28.8828131-04:00" testType="13cdc9d9-ddb5-4fa4-a97d-d965ccfc6d4b" outcome="Passed" testListId="8c84fa94-04c1-424b-9868-57a2d4851a1d" relativeResultsDirectory="41c82472-5e12-41ad-b282-7a34384c2108" />
    <UnitTestResult executionId="910d716d-28cf-48e0-85d6-2d985d6b33c5" testId="1e39427e-fbbb-ae44-2df1-fa3e8dfcd1f8" testName="LessonTree.Tests.Services.TopicServiceTests.GetByIdAsync_WithNonExistentTopic_ShouldThrowKeyNotFoundException" computerName="DESKTOP-JDL654V" duration="00:00:00.0212833" startTime="2025-10-23T18:17:29.5725832-04:00" endTime="2025-10-23T18:17:29.5725834-04:00" testType="13cdc9d9-ddb5-4fa4-a97d-d965ccfc6d4b" outcome="Passed" testListId="8c84fa94-04c1-424b-9868-57a2d4851a1d" relativeResultsDirectory="910d716d-28cf-48e0-85d6-2d985d6b33c5" />
    <UnitTestResult executionId="0640463d-920c-4398-bfd6-955bb2ced52a" testId="ac81e75f-1659-df6b-1222-10f4aaa9e563" testName="LessonTree.Tests.Controllers.TopicControllerTests.GetTopic_WithNonExistentId_ShouldReturnNotFound" computerName="DESKTOP-JDL654V" duration="00:00:00.0422291" startTime="2025-10-23T18:17:29.4144886-04:00" endTime="2025-10-23T18:17:29.4144888-04:00" testType="13cdc9d9-ddb5-4fa4-a97d-d965ccfc6d4b" outcome="Passed" testListId="8c84fa94-04c1-424b-9868-57a2d4851a1d" relativeResultsDirectory="0640463d-920c-4398-bfd6-955bb2ced52a" />
    <UnitTestResult executionId="acc1cd1d-4f1e-4efa-90b4-21089a5b1e55" testId="e0f7280e-0996-5663-8172-c762f4b1e830" testName="LessonTree.Tests.Controllers.TopicControllerTests.MoveTopic_WithValidMove_ShouldReturnOkWithResult" computerName="DESKTOP-JDL654V" duration="00:00:00.0449655" startTime="2025-10-23T18:17:29.2863593-04:00" endTime="2025-10-23T18:17:29.2863594-04:00" testType="13cdc9d9-ddb5-4fa4-a97d-d965ccfc6d4b" outcome="Passed" testListId="8c84fa94-04c1-424b-9868-57a2d4851a1d" relativeResultsDirectory="acc1cd1d-4f1e-4efa-90b4-21089a5b1e55" />
    <UnitTestResult executionId="419ffc9b-493a-4659-aed5-691cf9f2e248" testId="5175923b-dba9-619b-831d-92f3c627a217" testName="LessonTree.Tests.Services.CourseServiceTests.AddAsync_WithTeamVisibility_ShouldCreateTeamCourse" computerName="DESKTOP-JDL654V" duration="00:00:00.0414928" startTime="2025-10-23T18:17:29.3758374-04:00" endTime="2025-10-23T18:17:29.3758375-04:00" testType="13cdc9d9-ddb5-4fa4-a97d-d965ccfc6d4b" outcome="Passed" testListId="8c84fa94-04c1-424b-9868-57a2d4851a1d" relativeResultsDirectory="419ffc9b-493a-4659-aed5-691cf9f2e248" />
    <UnitTestResult executionId="9b7d8c30-a700-4526-b157-354e9d63e384" testId="6909a651-5e0f-3110-6699-548026ce9002" testName="LessonTree.Tests.Services.ScheduleServiceSpecialDayOptimizationTests.UpdateSpecialDayAsync_WithIdMismatch_ShouldThrowArgumentException" computerName="DESKTOP-JDL654V" duration="00:00:00.0233567" startTime="2025-10-23T18:17:29.9258432-04:00" endTime="2025-10-23T18:17:29.9258433-04:00" testType="13cdc9d9-ddb5-4fa4-a97d-d965ccfc6d4b" outcome="Passed" testListId="8c84fa94-04c1-424b-9868-57a2d4851a1d" relativeResultsDirectory="9b7d8c30-a700-4526-b157-354e9d63e384" />
    <UnitTestResult executionId="1f26ba4d-2f92-4125-8c63-b460b235f7ba" testId="a0475146-f52e-aaf1-a1e1-b168daa41d6e" testName="LessonTree.Tests.Models.CalendarOptimizationDtoTests.CoursePeriodDetail_WithCompletedCourse_ShouldNotNeedContinuation" computerName="DESKTOP-JDL654V" duration="00:00:00.0192635" startTime="2025-10-23T18:17:28.9425219-04:00" endTime="2025-10-23T18:17:28.9425221-04:00" testType="13cdc9d9-ddb5-4fa4-a97d-d965ccfc6d4b" outcome="Passed" testListId="8c84fa94-04c1-424b-9868-57a2d4851a1d" relativeResultsDirectory="1f26ba4d-2f92-4125-8c63-b460b235f7ba" />
    <UnitTestResult executionId="f207b0b1-680a-4b8c-83ad-4ede9003dcfa" testId="6816d921-7f64-5860-0c45-2902bc52f931" testName="LessonTree.Tests.Services.TopicServiceTests.MoveTopicAsync_WithUnauthorizedUser_ShouldThrowUnauthorizedAccessException" computerName="DESKTOP-JDL654V" duration="00:00:00.0469926" startTime="2025-10-23T18:17:29.1375240-04:00" endTime="2025-10-23T18:17:29.1375240-04:00" testType="13cdc9d9-ddb5-4fa4-a97d-d965ccfc6d4b" outcome="Passed" testListId="8c84fa94-04c1-424b-9868-57a2d4851a1d" relativeResultsDirectory="f207b0b1-680a-4b8c-83ad-4ede9003dcfa" />
    <UnitTestResult executionId="3c46c836-0b49-4ac2-9d2e-dcba130045ec" testId="a38ca1de-4167-b839-a41e-2e0da08ebda0" testName="LessonTree.Tests.Services.SubTopicServiceTests.CopySubTopicAsync_WithNonExistentTargetTopic_ShouldThrowArgumentException" computerName="DESKTOP-JDL654V" duration="00:00:00.0366032" startTime="2025-10-23T18:17:29.5463101-04:00" endTime="2025-10-23T18:17:29.5463102-04:00" testType="13cdc9d9-ddb5-4fa4-a97d-d965ccfc6d4b" outcome="Passed" testListId="8c84fa94-04c1-424b-9868-57a2d4851a1d" relativeResultsDirectory="3c46c836-0b49-4ac2-9d2e-dcba130045ec" />
[...]
    <TestEntry testId="ad2c688c-cdcb-02c2-5adb-3434baff05bf" executionId="a7c6acf9-23f7-4c84-826f-e3b90cff4eb0" testListId="8c84fa94-04c1-424b-9868-57a2d4851a1d" />
    <TestEntry testId="427cbb9b-fd3d-389c-3110-37ccad647fac" executionId="380004f9-6885-485c-949c-7e098a6014f6" testListId="8c84fa94-04c1-424b-9868-57a2d4851a1d" />
    <TestEntry testId="05e7f50c-0872-2faa-1287-2e37a35cc1f5" executionId="cc7b205a-15fc-4a41-8a41-127823760af5" testListId="8c84fa94-04c1-424b-9868-57a2d4851a1d" />
    <TestEntry testId="e9a2810b-b351-ecf8-ae9d-f1713290c81b" executionId="e5e64703-e966-4605-8894-9bf85589d13f" testListId="8c84fa94-04c1-424b-9868-57a2d4851a1d" />
    <TestEntry testId="3e22e64d-6dc3-fec6-665d-4985cfb7570b" executionId="41c82472-5e12-41ad-b282-7a34384c2108" testListId="8c84fa94-04c1-424b-9868-57a2d4851a1d" />
    <TestEntry testId="1e39427e-fbbb-ae44-2df1-fa3e8dfcd1f8" executionId="910d716d-28cf-48e0-85d6-2d985d6b33c5" testListId="8c84fa94-04c1-424b-9868-57a2d4851a1d" />
    <TestEntry testId="ac81e75f-1659-df6b-1222-10f4aaa9e563" executionId="0640463d-920c-4398-bfd6-955bb2ced52a" testListId="8c84fa94-04c1-424b-9868-57a2d4851a1d" />
    <TestEntry testId="e0f7280e-0996-5663-8172-c762f4b1e830" executionId="acc1cd1d-4f1e-4efa-90b4-21089a5b1e55" testListId="8c84fa94-04c1-424b-9868-57a2d4851a1d" />
    <TestEntry testId="5175923b-dba9-619b-831d-92f3c627a217" executionId="419ffc9b-493a-4659-aed5-691cf9f2e248" testListId="8c84fa94-04c1-424b-9868-57a2d4851a1d" />
    <TestEntry testId="6909a651-5e0f-3110-6699-548026ce9002" executionId="9b7d8c30-a700-4526-b157-354e9d63e384" testListId="8c84fa94-04c1-424b-9868-57a2d4851a1d" />
    <TestEntry testId="a0475146-f52e-aaf1-a1e1-b168daa41d6e" executionId="1f26ba4d-2f92-4125-8c63-b460b235f7ba" testListId="8c84fa94-04c1-424b-9868-57a2d4851a1d" />
    <TestEntry testId="6816d921-7f64-5860-0c45-2902bc52f931" executionId="f207b0b1-680a-4b8c-83ad-4ede9003dcfa" testListId="8c84fa94-04c1-424b-9868-57a2d4851a1d" />
    <TestEntry testId="a38ca1de-4167-b839-a41e-2e0da08ebda0" executionId="3c46c836-0b49-4ac2-9d2e-dcba130045ec" testListId="8c84fa94-04c1-424b-9868-57a2d4851a1d" />
    <TestEntry testId="d8835314-a079-8f1d-4e37-68f1fa54a1a4" executionId="69c9bc59-529c-4452-882c-c766be39599f" testListId="8c84fa94-04c1-424b-9868-57a2d4851a1d" />
    <TestEntry testId="8b2edcf7-dcda-2399-0241-f3d84f396809" executionId="6bd4d1b8-cf75-4c66-821a-87e402a5ecb0" testListId="8c84fa94-04c1-424b-9868-57a2d4851a1d" />
    <TestEntry testId="1609f3dc-d183-00c6-507c-65f38ddc5c5d" executionId="94afef64-e368-417d-812f-5d1263bdcd11" testListId="8c84fa94-04c1-424b-9868-57a2d4851a1d" />
    <TestEntry testId="4cf43e1a-c36c-f8c7-7372-9454df119c88" executionId="3fc60430-2d34-4999-9862-a4eefb7f6c02" testListId="8c84fa94-04c1-424b-9868-57a2d4851a1d" />
    <TestEntry testId="d01dc79f-b459-5305-de13-9ea95099c2e3" executionId="270c1d61-762e-432c-9e88-9da3fe689975" testListId="8c84fa94-04c1-424b-9868-57a2d4851a1d" />
    <TestEntry testId="9df6093c-aada-b5ff-f514-e2011ade23d1" executionId="86e9d105-09d8-44d7-8bb8-3444f2b9e63e" testListId="8c84fa94-04c1-424b-9868-57a2d4851a1d" />
    <TestEntry testId="3453cd0c-cc54-9181-84ce-3c6877893453" executionId="9ba2fe80-b640-48c3-a06c-e057fe61e15b" testListId="8c84fa94-04c1-424b-9868-57a2d4851a1d" />
    <TestEntry testId="fdbae2bc-45d1-74c8-680d-0b96a1a2968b" executionId="3722358b-4cc4-46d6-ba0f-ed7c7de05c63" testListId="8c84fa94-04c1-424b-9868-57a2d4851a1d" />
    <TestEntry testId="09d995db-a06c-4ae4-144d-ecd679b80b54" executionId="33af908a-2cd3-45f8-b5d2-7ceebe9e0e56" testListId="8c84fa94-04c1-424b-9868-57a2d4851a1d" />
    <TestEntry testId="ee9e9dcf-266f-8834-c5a0-1862bceaf228" executionId="182cbf44-183e-49e5-8085-50d65ce3f318" testListId="8c84fa94-04c1-424b-9868-57a2d4851a1d" />
    <TestEntry testId="1c932d4a-83ed-57bc-d20f-a2216e1cc8d9" executionId="8acc6aad-8890-423e-a21a-57b01a53b1a0" testListId="8c84fa94-04c1-424b-9868-57a2d4851a1d" />
    <TestEntry testId="dc15cf9e-8435-9185-30ca-95cad9e7ea9b" executionId="cd632fa4-70de-4355-9d94-475c8ef69576" testListId="8c84fa94-04c1-424b-9868-57a2d4851a1d" />
    <TestEntry testId="ab7e5cd3-be5f-9997-5638-7ef087c6f326" executionId="a90b6383-1ee2-4f59-8d0d-aeff7a562375" testListId="8c84fa94-04c1-424b-9868-57a2d4851a1d" />
    <TestEntry testId="1f08567b-24b4-9d2c-46e4-889b7812f798" executionId="8ae0f4fd-c1e6-4240-93cc-c416e4d50c45" testListId="8c84fa94-04c1-424b-9868-57a2d4851a1d" />
    <TestEntry testId="d4f28b09-6c73-3711-7806-e2fad7e39716" executionId="2b5eb451-05e8-4fae-bb6d-e7c72b228d61" testListId="8c84fa94-04c1-424b-9868-57a2d4851a1d" />
    <TestEntry testId="7f332b3c-1f0b-731a-823f-f36ebb920754" executionId="a98a7223-63ac-40ac-8b7d-c5e44a8afd45" testListId="8c84fa94-04c1-424b-9868-57a2d4851a1d" />
    <TestEntry testId="8e432add-16b9-a588-ed8d-c8fdec487d7c" executionId="d0fd0d21-63f8-4748-b5d5-77da7390d631" testListId="8c84fa94-04c1-424b-9868-57a2d4851a1d" />
    <TestEntry testId="d4ba1fca-e8b8-26f8-5502-126c052d31a9" executionId="e9ad5bfc-3c13-4fb0-8a96-93eda953fca2" testListId="8c84fa94-04c1-424b-9868-57a2d4851a1d" />
    <TestEntry testId="7991e1e5-6357-e092-63ea-a3890937b342" executionId="3011b8fa-5ede-442c-b77f-3b764cd54248" testListId="8c84fa94-04c1-424b-9868-57a2d4851a1d" />
    <TestEntry testId="f1d20904-896a-b11f-c98a-6ea72b224812" executionId="3774a063-387e-4912-af86-d4a084f96f2c" testListId="8c84fa94-04c1-424b-9868-57a2d4851a1d" />
    <TestEntry testId="ebaca0db-896c-c8f5-23f6-52486d0a245f" executionId="2dbda24a-375d-48db-b0a0-2a0562e3afcb" testListId="8c84fa94-04c1-424b-9868-57a2d4851a1d" />
    <TestEntry testId="2a3685c4-0129-769c-2559-98a0a2e03626" executionId="206891fa-4fc5-4c36-b66c-e750bb8e1c7f" testListId="8c84fa94-04c1-424b-9868-57a2d4851a1d" />
    <TestEntry testId="a232dad4-ac66-b965-dcac-dad457d4cb28" executionId="730e67af-8f3d-49ae-8467-cf8fba44ae3f" testListId="8c84fa94-04c1-424b-9868-57a2d4851a1d" />
    <TestEntry testId="3a985142-dc2f-61f9-388c-4c22bbd5df36" executionId="55c25574-d56e-4d8d-8a03-bbad3a4b9461" testListId="8c84fa94-04c1-424b-9868-57a2d4851a1d" />
    <TestEntry testId="c40f6b80-864d-3331-c936-e3d00625caf0" executionId="4f8c3102-7d5d-4fd1-ab26-97deecc86547" testListId="8c84fa94-04c1-424b-9868-57a2d4851a1d" />
    <TestEntry testId="185b314c-30c1-fab7-707c-83c2966a7118" executionId="7fcfd597-7601-4154-81cd-722274752fc3" testListId="8c84fa94-04c1-424b-9868-57a2d4851a1d" />
    <TestEntry testId="44837207-6d9b-cbd7-b465-6446ea94efa8" executionId="a2f3fdd4-799c-40b5-96a8-aa625a803c30" testListId="8c84fa94-04c1-424b-9868-57a2d4851a1d" />
    <TestEntry testId="1699aec8-2ab7-4deb-f662-d935c622b1f9" executionId="2832f846-5e4d-4a96-a0b1-c249459080fb" testListId="8c84fa94-04c1-424b-9868-57a2d4851a1d" />
    <TestEntry testId="eafddfe5-89d7-5a0c-61b4-7760eaadccc6" executionId="88624798-3298-4ce8-823a-fb4c9ce91c67" testListId="8c84fa94-04c1-424b-9868-57a2d4851a1d" />
    <TestEntry testId="9458ff89-9707-8e69-19b6-48f6c6d479cb" executionId="bda6b81d-5112-4b17-bbaa-b75fc2ba55a2" testListId="8c84fa94-04c1-424b-9868-57a2d4851a1d" />
    <TestEntry testId="fb011ff5-095a-af60-9492-e39c202f25b0" executionId="36b64fc1-8424-4ac6-a295-532b64a0f9fa" testListId="8c84fa94-04c1-424b-9868-57a2d4851a1d" />
    <TestEntry testId="1ab06bc9-4012-2297-0503-d1e4d8b19ebd" executionId="361c7979-4371-4489-9f28-bdb353b2ebf7" testListId="8c84fa94-04c1-424b-9868-57a2d4851a1d" />
    <TestEntry testId="a61779c4-4dd3-d9f4-f071-992ac487c886" executionId="c8ba8ffb-fc54-4311-9ca7-f719a9f13752" testListId="8c84fa94-04c1-424b-9868-57a2d4851a1d" />
    <TestEntry testId="91e82075-9928-4e50-4297-9865448758f5" executionId="55354652-adf5-4434-b9ce-2a904415bcc9" testListId="8c84fa94-04c1-424b-9868-57a2d4851a1d" />
    <TestEntry testId="663bf5d1-2978-91cb-c08e-45297b97a790" executionId="9f6f7112-645b-477f-a214-13918fe34f6c" testListId="8c84fa94-04c1-424b-9868-57a2d4851a1d" />
    <TestEntry testId="e02ac849-d89a-91d1-a185-c551419eb947" executionId="3b990fcc-fb52-4ed8-9923-0d60782538f1" testListId="8c84fa94-04c1-424b-9868-57a2d4851a1d" />
    <TestEntry testId="c2f420cc-ac12-2e5b-bda6-753520a525a9" executionId="f02008e9-e090-4f18-a02f-ad4e300b604b" testListId="8c84fa94-04c1-424b-9868-57a2d4851a1d" />
    <TestEntry testId="c49e5e93-b068-f459-61d9-50e16766e922" executionId="c042ff80-7230-48a7-ad4c-8aa5ac47c192" testListId="8c84fa94-04c1-424b-9868-57a2d4851a1d" />
    <TestEntry testId="971b54ca-30b9-f3c0-24ff-2b71b36826f4" executionId="af85a3db-921b-4120-996c-8ec6b6fd5ddd" testListId="8c84fa94-04c1-424b-9868-57a2d4851a1d" />
    <TestEntry testId="cb31bda6-d235-b1d1-ac96-d2b4708bf498" executionId="ce459169-f3dd-4aca-b851-e26fcc3758b4" testListId="8c84fa94-04c1-424b-9868-57a2d4851a1d" />
    <TestEntry testId="6235e856-70fa-81cd-0391-b7c9c335123b" executionId="108a7833-cffa-46b1-8f5e-59500a9dfe9b" testListId="8c84fa94-04c1-424b-9868-57a2d4851a1d" />
    <TestEntry testId="724260ee-c48b-25e3-6ad7-069071b8cfe8" executionId="9556ef4f-81d0-450a-8393-e4dc50bba299" testListId="8c84fa94-04c1-424b-9868-57a2d4851a1d" />
    <TestEntry testId="3e4d9dc9-ddb3-57e4-a51d-9cec9aafb506" executionId="e9ac775e-a72b-4f25-ab1f-d951a5e576d5" testListId="8c84fa94-04c1-424b-9868-57a2d4851a1d" />
    <TestEntry testId="9766dabf-f6ac-c97d-bc16-3625d6c142a0" executionId="cfbc1493-0a99-4bd3-9926-6a22b6ee9038" testListId="8c84fa94-04c1-424b-9868-57a2d4851a1d" />
    <TestEntry testId="23afc689-bf5d-3e85-b2c6-96cdc660764b" executionId="00d4d86b-4c7a-4bcb-a4e0-19e7b2e15379" testListId="8c84fa94-04c1-424b-9868-57a2d4851a1d" />
    <TestEntry testId="288df572-fe2c-dc4e-c16f-cebc2b8504ef" executionId="748f29a4-ba5b-4aab-9e5c-3483c3f1b59a" testListId="8c84fa94-04c1-424b-9868-57a2d4851a1d" />
    <TestEntry testId="7e52b9e4-fa8f-4263-4b6a-f959d0d6e7f4" executionId="f5596878-07e7-461b-89f0-16743622d9f2" testListId="8c84fa94-04c1-424b-9868-57a2d4851a1d" />
    <TestEntry testId="8e91c31c-bb44-c89a-7074-faf1abec5807" executionId="0f8f4b5d-3088-4f72-987f-789052b825fe" testListId="8c84fa94-04c1-424b-9868-57a2d4851a1d" />
    <TestEntry testId="7f80e63a-9446-b1bd-f1e4-6ea3be0a26b8" executionId="1b7ff551-a6f2-4037-841a-42c5d3691760" testListId="8c84fa94-04c1-424b-9868-57a2d4851a1d" />
    <TestEntry testId="ffb076fc-912e-eee2-1af1-707cf3f3ed3c" executionId="65a791cf-0516-4b5a-9ff9-42453efd11d3" testListId="8c84fa94-04c1-424b-9868-57a2d4851a1d" />
    <TestEntry testId="582d84c8-499f-ff7b-da95-e5850af57956" executionId="700db76e-b3d3-4bb3-8930-a2b63007eaf9" testListId="8c84fa94-04c1-424b-9868-57a2d4851a1d" />
    <TestEntry testId="37653171-5afe-42da-d4c7-fa6b6f1050e0" executionId="3481b1d3-8f9d-488f-a7f8-7f77bc08b4d8" testListId="8c84fa94-04c1-424b-9868-57a2d4851a1d" />
    <TestEntry testId="f133d524-8c98-e065-3ef7-a3c8cab0b1f3" executionId="f4864876-2e41-405c-a80b-b142a8dfd570" testListId="8c84fa94-04c1-424b-9868-57a2d4851a1d" />
    <TestEntry testId="8b0c4ab1-1230-0b98-133d-53bc161b463c" executionId="e2be6690-12ed-46a8-b3ec-3b6cef068d08" testListId="8c84fa94-04c1-424b-9868-57a2d4851a1d" />
    <TestEntry testId="76b72c90-1ba0-9c20-7169-a8579bb83116" executionId="b55a1664-0edb-4e31-91ab-0713fff39af9" testListId="8c84fa94-04c1-424b-9868-57a2d4851a1d" />
  </TestEntries>
  <TestLists>
    <TestList name="Results Not in a List" id="8c84fa94-04c1-424b-9868-57a2d4851a1d" />
    <TestList name="All Loaded Results" id="19431567-8539-422a-85d7-44ee4e166bda" />
  </TestLists>
  <ResultSummary outcome="Failed">
    <Counters total="186" executed="186" passed="182" failed="4" error="0" timeout="0" aborted="0" inconclusive="0" passedButRunAborted="0" notRunnable="0" notExecuted="0" disconnected="0" warning="0" completed="0" inProgress="0" pending="0" />
    <Output>
      <StdOut>[xUnit.net 00:00:00.00] xUnit.net VSTest Adapter v2.8.2+699d445a1a (64-bit .NET 8.0.20)
[xUnit.net 00:00:00.26]   Discovering: LessonTree.Tests
[xUnit.net 00:00:00.39]   Discovered:  LessonTree.Tests
[xUnit.net 00:00:00.40]   Starting:    LessonTree.Tests
[xUnit.net 00:00:01.44]       Moq.MockException : 
[xUnit.net 00:00:01.44]       Expected invocation on the mock once, but was 0 times: s =&gt; s.GenerateScheduleFromConfigurationAsync(50, 1)
[xUnit.net 00:00:01.44]       
[xUnit.net 00:00:01.44]       Performed invocations:
[xUnit.net 00:00:01.44]       
[xUnit.net 00:00:01.44]          Mock&lt;IScheduleGenerationService:1&gt; (s):
[xUnit.net 00:00:01.44]          No invocations performed.
[xUnit.net 00:00:01.44]       
[xUnit.net 00:00:01.44]       Stack Trace:
[xUnit.net 00:00:01.44]         /_/src/Moq/Mock.cs(331,0): at Moq.Mock.Verify(Mock mock, LambdaExpression expression, Times times, String failMessage)
[xUnit.net 00:00:01.44]         /_/src/Moq/Mock`1.cs(1033,0): at Moq.Mock`1.Verify[TResult](Expression`1 expression, Func`1 times)
[xUnit.net 00:00:01.44]         /mnt/c/Projects/LessonTree/LessonTree_API/LessonTree.Tests/Services/ScheduleServiceSpecialDayOptimizationTests.cs(552,0): at LessonTree.Tests.Services.ScheduleServiceSpecialDayOptimizationTests.DeleteSpecialDayAsync_WithValidRequest_ShouldDeleteAndTriggerRegeneration()
[xUnit.net 00:00:01.45]         --- End of stack trace from previous location ---
[xUnit.net 00:00:02.20]       Expected a &lt;System.ArgumentException&gt; to be thrown, but no exception was thrown.
[xUnit.net 00:00:02.20]       Stack Trace:
[xUnit.net 00:00:02.20]            at FluentAssertions.Execution.XUnit2TestFramework.Throw(String message)
[xUnit.net 00:00:02.20]            at FluentAssertions.Execution.TestFrameworkProvider.Throw(String message)
[xUnit.net 00:00:02.20]            at FluentAssertions.Execution.DefaultAssertionStrategy.HandleFailure(String message)
[xUnit.net 00:00:02.20]            at FluentAssertions.Execution.AssertionScope.FailWith(Func`1 failReasonFunc)
[xUnit.net 00:00:02.20]            at FluentAssertions.Execution.AssertionScope.FailWith(Func`1 failReasonFunc)
[xUnit.net 00:00:02.20]            at FluentAssertions.Execution.AssertionScope.FailWith(String message)
[xUnit.net 00:00:02.20]            at FluentAssertions.Specialized.DelegateAssertionsBase`2.ThrowInternal[TException](Exception exception, String because, Object[] becauseArgs)
[xUnit.net 00:00:02.20]            at FluentAssertions.Specialized.AsyncFunctionAssertions`2.ThrowAsync[TException](String because, Object[] becauseArgs)
[xUnit.net 00:00:02.20]            at FluentAssertions.ExceptionAssertionsExtensions.WithMessage[TException](Task`1 task, String expectedWildcardPattern, String because, Object[] becauseArgs)
[xUnit.net 00:00:02.20]         /mnt/c/Projects/LessonTree/LessonTree_API/LessonTree.Tests/Services/LessonServiceTests.cs(286,0): at LessonTree.Tests.Services.LessonServiceTests.AddAsync_WithInvalidTopic_ShouldThrowArgumentException()
[xUnit.net 00:00:02.20]         --- End of stack trace from previous location ---
[xUnit.net 00:00:02.20]       Expected a &lt;System.ArgumentException&gt; to be thrown, but found &lt;System.UnauthorizedAccessException&gt;:
[xUnit.net 00:00:02.20]       System.UnauthorizedAccessException: Schedule 100 not owned by user 1
[xUnit.net 00:00:02.20]          at LessonTree.BLL.Services.ScheduleService.ValidateScheduleOwnershipAsync(Int32 scheduleId, Int32 userId) in /mnt/c/Projects/LessonTree/LessonTree_API/LessonTree.Service/Service/Schedule/ScheduleService.cs:line 941
[xUnit.net 00:00:02.20]          at LessonTree.BLL.Services.ScheduleService.CreateSpecialDayAsync(Int32 scheduleId, SpecialDayCreateResource createResource, Int32 userId) in /mnt/c/Projects/LessonTree/LessonTree_API/LessonTree.Service/Service/Schedule/ScheduleService.cs:line 427
[xUnit.net 00:00:02.20]          at FluentAssertions.Specialized.AsyncFunctionAssertions`2.InvokeWithInterceptionAsync(Func`1 action).
[xUnit.net 00:00:02.20]       Stack Trace:
[xUnit.net 00:00:02.20]            at FluentAssertions.Execution.XUnit2TestFramework.Throw(String message)
[xUnit.net 00:00:02.20]            at FluentAssertions.Execution.TestFrameworkProvider.Throw(String message)
[xUnit.net 00:00:02.20]            at FluentAssertions.Execution.DefaultAssertionStrategy.HandleFailure(String message)
[xUnit.net 00:00:02.20]            at FluentAssertions.Execution.AssertionScope.FailWith(Func`1 failReasonFunc)
[xUnit.net 00:00:02.20]            at FluentAssertions.Execution.AssertionScope.FailWith(Func`1 failReasonFunc)
[xUnit.net 00:00:02.20]            at FluentAssertions.Execution.AssertionScope.FailWith(String message, Object[] args)
[xUnit.net 00:00:02.20]            at FluentAssertions.Specialized.DelegateAssertionsBase`2.ThrowInternal[TException](Exception exception, String because, Object[] becauseArgs)
[xUnit.net 00:00:02.20]            at FluentAssertions.Specialized.AsyncFunctionAssertions`2.ThrowAsync[TException](String because, Object[] becauseArgs)
[xUnit.net 00:00:02.20]            at FluentAssertions.ExceptionAssertionsExtensions.WithMessage[TException](Task`1 task, String expectedWildcardPattern, String because, Object[] becauseArgs)
[xUnit.net 00:00:02.20]         /mnt/c/Projects/LessonTree/LessonTree_API/LessonTree.Tests/Services/ScheduleServiceSpecialDayOptimizationTests.cs(154,0): at LessonTree.Tests.Services.ScheduleServiceSpecialDayOptimizationTests.CreateSpecialDayAsync_WithUnauthorizedUser_ShouldThrowArgumentException()
[xUnit.net 00:00:02.20]         --- End of stack trace from previous location ---
[xUnit.net 00:00:02.35]       Moq.MockException : 
[xUnit.net 00:00:02.35]       Expected invocation on the mock once, but was 0 times: s =&gt; s.GenerateScheduleFromConfigurationAsync(50, 1)
[xUnit.net 00:00:02.35]       
[xUnit.net 00:00:02.35]       Performed invocations:
[xUnit.net 00:00:02.35]       
[xUnit.net 00:00:02.35]          Mock&lt;IScheduleGenerationService:45&gt; (s):
[xUnit.net 00:00:02.35]          No invocations performed.
[xUnit.net 00:00:02.35]       
[xUnit.net 00:00:02.35]       Stack Trace:
[xUnit.net 00:00:02.35]         /_/src/Moq/Mock.cs(331,0): at Moq.Mock.Verify(Mock mock, LambdaExpression expression, Times times, String failMessage)
[xUnit.net 00:00:02.35]         /_/src/Moq/Mock`1.cs(1033,0): at Moq.Mock`1.Verify[TResult](Expression`1 expression, Func`1 times)
[xUnit.net 00:00:02.35]         /mnt/c/Projects/LessonTree/LessonTree_API/LessonTree.Tests/Services/ScheduleServiceSpecialDayOptimizationTests.cs(101,0): at LessonTree.Tests.Services.ScheduleServiceSpecialDayOptimizationTests.CreateSpecialDayAsync_WithValidRequest_ShouldCreateSpecialDayAndTriggerRegeneration()
[xUnit.net 00:00:02.35]         --- End of stack trace from previous location ---
[xUnit.net 00:00:02.79]   Finished:    LessonTree.Tests
</StdOut>
    </Output>
    <RunInfos>
      <RunInfo computerName="DESKTOP-JDL654V" outcome="Error" timestamp="2025-10-23T18:17:28.8409087-04:00">
        <Text>[xUnit.net 00:00:01.41]     LessonTree.Tests.Services.ScheduleServiceSpecialDayOptimizationTests.DeleteSpecialDayAsync_WithValidRequest_ShouldDeleteAndTriggerRegeneration [FAIL]</Text>
      </RunInfo>
      <RunInfo computerName="DESKTOP-JDL654V" outcome="Error" timestamp="2025-10-23T18:17:29.6291168-04:00">
        <Text>[xUnit.net 00:00:02.20]     LessonTree.Tests.Services.LessonServiceTests.AddAsync_WithInvalidTopic_ShouldThrowArgumentException [FAIL]</Text>
      </RunInfo>
      <RunInfo computerName="DESKTOP-JDL654V" outcome="Error" timestamp="2025-10-23T18:17:29.6336068-04:00">
        <Text>[xUnit.net 00:00:02.20]     LessonTree.Tests.Services.ScheduleServiceSpecialDayOptimizationTests.CreateSpecialDayAsync_WithUnauthorizedUser_ShouldThrowArgumentException [FAIL]</Text>
      </RunInfo>
      <RunInfo computerName="DESKTOP-JDL654V" outcome="Error" timestamp="2025-10-23T18:17:29.7806565-04:00">
        <Text>[xUnit.net 00:00:02.35]     LessonTree.Tests.Services.ScheduleServiceSpecialDayOptimizationTests.CreateSpecialDayAsync_WithValidRequest_ShouldCreateSpecialDayAndTriggerRegeneration [FAIL]</Text>
      </RunInfo>
    </RunInfos>
  </ResultSummary>
</TestRun>